#
# There is insufficient memory for the Java Runtime Environment to continue.
# Native memory allocation (mmap) failed to map 140509184 bytes for committing reserved memory.
# Possible reasons:
#   The system is out of physical RAM or swap space
#   In 32 bit mode, the process size limit was hit
# Possible solutions:
#   Reduce memory load on the system
#   Increase physical memory or swap space
#   Check if swap backing store is full
#   Use 64 bit Java on a 64 bit OS
#   Decrease Java heap size (-Xmx/-Xms)
#   Decrease number of Java threads
#   Decrease Java thread stack sizes (-Xss)
#   Set larger code cache with -XX:ReservedCodeCacheSize=
# This output file may be truncated or incomplete.
#
#  Out of Memory Error (os_linux.cpp:2627), pid=8725, tid=0x00007ff4a704b700
#
# JRE version: Java(TM) SE Runtime Environment (8.0_101-b13) (build 1.8.0_101-b13)
# Java VM: Java HotSpot(TM) 64-Bit Server VM (25.101-b13 mixed mode linux-amd64 compressed oops)
# Failed to write core dump. Core dumps have been disabled. To enable core dumping, try "ulimit -c unlimited" before starting Java again
#

---------------  T H R E A D  ---------------

Current thread (0x00007ff4c0080000):  VMThread [stack: 0x00007ff4a6f4b000,0x00007ff4a704c000] [id=8739]

Stack: [0x00007ff4a6f4b000,0x00007ff4a704c000],  sp=0x00007ff4a704a0a0,  free space=1020k
Native frames: (J=compiled Java code, j=interpreted, Vv=VM code, C=native code)
V  [libjvm.so+0xac3f0a]  VMError::report_and_die()+0x2ba
V  [libjvm.so+0x4fbf9b]  report_vm_out_of_memory(char const*, int, unsigned long, VMErrorType, char const*)+0x8b
V  [libjvm.so+0x9222d3]  os::Linux::commit_memory_impl(char*, unsigned long, bool)+0x103
V  [libjvm.so+0x922829]  os::pd_commit_memory(char*, unsigned long, unsigned long, bool)+0x29
V  [libjvm.so+0x91cb2a]  os::commit_memory(char*, unsigned long, unsigned long, bool)+0x2a
V  [libjvm.so+0x991053]  PSVirtualSpace::expand_by(unsigned long)+0x53
V  [libjvm.so+0x992458]  PSYoungGen::resize_generation(unsigned long, unsigned long)+0xf8
V  [libjvm.so+0x9915b2]  PSYoungGen::resize(unsigned long, unsigned long)+0x22
V  [libjvm.so+0x98e88b]  PSScavenge::invoke_no_policy()+0xf3b
V  [libjvm.so+0x98f011]  PSScavenge::invoke()+0x41
V  [libjvm.so+0x945fc0]  ParallelScavengeHeap::failed_mem_allocate(unsigned long)+0x70
V  [libjvm.so+0xac5927]  VM_ParallelGCFailedAllocation::doit()+0x97
V  [libjvm.so+0xacd405]  VM_Operation::evaluate()+0x55
V  [libjvm.so+0xacb7da]  VMThread::evaluate_operation(VM_Operation*)+0xba
V  [libjvm.so+0xacbb5e]  VMThread::loop()+0x1ce
V  [libjvm.so+0xacbfd0]  VMThread::run()+0x70
V  [libjvm.so+0x924698]  java_start(Thread*)+0x108

VM_Operation (0x00007ff4a5856c30): ParallelGCFailedAllocation, mode: safepoint, requested by thread 0x00007ff4c017b800


---------------  P R O C E S S  ---------------

Java Threads: ( => current thread )
  0x00007ff4c017b800 JavaThread "pool-2-thread-4" [_thread_blocked, id=8797, stack(0x00007ff4a5758000,0x00007ff4a5859000)]
  0x00007ff4c016d800 JavaThread "pool-3-thread-1" [_thread_blocked, id=8793, stack(0x00007ff4a5a5b000,0x00007ff4a5b5c000)]
  0x00007ff4c00ed000 JavaThread "Service Thread" daemon [_thread_blocked, id=8752, stack(0x00007ff4a5d67000,0x00007ff4a5e68000)]
  0x00007ff4c00c7800 JavaThread "C1 CompilerThread3" daemon [_thread_blocked, id=8751, stack(0x00007ff4a5e68000,0x00007ff4a5f69000)]
  0x00007ff4c00c5800 JavaThread "C2 CompilerThread2" daemon [_thread_in_native, id=8750, stack(0x00007ff4a5f69000,0x00007ff4a606a000)]
  0x00007ff4c00c4000 JavaThread "C2 CompilerThread1" daemon [_thread_in_native, id=8749, stack(0x00007ff4a606a000,0x00007ff4a616b000)]
  0x00007ff4c00c1000 JavaThread "C2 CompilerThread0" daemon [_thread_blocked, id=8748, stack(0x00007ff4a616b000,0x00007ff4a626c000)]
  0x00007ff4c00bf800 JavaThread "Signal Dispatcher" daemon [_thread_blocked, id=8747, stack(0x00007ff4a626c000,0x00007ff4a636d000)]
  0x00007ff4c008c800 JavaThread "Finalizer" daemon [_thread_blocked, id=8741, stack(0x00007ff4a6d49000,0x00007ff4a6e4a000)]
  0x00007ff4c0087800 JavaThread "Reference Handler" daemon [_thread_blocked, id=8740, stack(0x00007ff4a6e4a000,0x00007ff4a6f4b000)]
  0x00007ff4c000a000 JavaThread "main" [_thread_blocked, id=8727, stack(0x00007ff4c66a8000,0x00007ff4c67a9000)]

Other Threads:
=>0x00007ff4c0080000 VMThread [stack: 0x00007ff4a6f4b000,0x00007ff4a704c000] [id=8739]
  0x00007ff4c00f7800 WatcherThread [stack: 0x00007ff4a5c66000,0x00007ff4a5d67000] [id=8753]

VM state:at safepoint (normal execution)

VM Mutex/Monitor currently owned by a thread:  ([mutex/lock_event])
[0x00007ff4c0006530] Threads_lock - owner thread: 0x00007ff4c0080000
[0x00007ff4c0006a30] Heap_lock - owner thread: 0x00007ff4c017b800

Heap:
 PSYoungGen      total 134656K, used 13284K [0x00000000eab00000, 0x00000000f3d00000, 0x0000000100000000)
  eden space 121344K, 0% used [0x00000000eab00000,0x00000000eab00000,0x00000000f2180000)
  from space 13312K, 99% used [0x00000000f2180000,0x00000000f2e790b0,0x00000000f2e80000)
  to   space 11776K, 0% used [0x00000000f2e80000,0x00000000f2e80000,0x00000000f3a00000)
 ParOldGen       total 39936K, used 35092K [0x00000000c0000000, 0x00000000c2700000, 0x00000000eab00000)
  object space 39936K, 87% used [0x00000000c0000000,0x00000000c2245270,0x00000000c2700000)
 Metaspace       used 6300K, capacity 7192K, committed 7424K, reserved 1056768K
  class space    used 615K, capacity 656K, committed 768K, reserved 1048576K

Card table byte_map: [0x00007ff4b01ed000,0x00007ff4b03ee000] byte_map_base: 0x00007ff4afbed000

Marking Bits: (ParMarkBitMap*) 0x00007ff4c5b81120
 Begin Bits: [0x00007ff4ad88f000, 0x00007ff4ae88f000)
 End Bits:   [0x00007ff4ae88f000, 0x00007ff4af88f000)

Polling page: 0x00007ff4c67d0000

CodeCache: size=245760Kb used=6799Kb max_used=6799Kb free=238960Kb
 bounds [0x00007ff4b07ae000, 0x00007ff4b0e5e000, 0x00007ff4bf7ae000]
 total_blobs=2018 nmethods=1750 adapters=182
 compilation: enabled

Compilation events (10 events):
Event: 3,306 Thread 0x00007ff4c00c7800 1990       1       com.android.dx.ssa.LiteralOpUpgrader$1::visitPhiInsn (1 bytes)
Event: 3,306 Thread 0x00007ff4c00c7800 nmethod 1990 0x00007ff4b0e511d0 code [0x00007ff4b0e51320, 0x00007ff4b0e51430]
Event: 3,313 Thread 0x00007ff4c00c7800 1991       2       com.android.dx.rop.code.SwitchInsn::<init> (49 bytes)
Event: 3,313 Thread 0x00007ff4c00c7800 nmethod 1991 0x00007ff4b0e51490 code [0x00007ff4b0e51620, 0x00007ff4b0e51928]
Event: 3,315 Thread 0x00007ff4c00c7800 1992       2       com.android.dx.cf.code.LocalVariableList::itemToLocal (47 bytes)
Event: 3,315 Thread 0x00007ff4c00c7800 nmethod 1992 0x00007ff4b0e51ad0 code [0x00007ff4b0e51c60, 0x00007ff4b0e51ef8]
Event: 3,321 Thread 0x00007ff4c00c7800 1993 %     3       com.android.dx.cf.code.Merger::mergeLocals @ 35 (122 bytes)
Event: 3,323 Thread 0x00007ff4c00c7800 nmethod 1993% 0x00007ff4b0e52090 code [0x00007ff4b0e52320, 0x00007ff4b0e534c8]
Event: 3,323 Thread 0x00007ff4c00c7800 1994       3       com.android.dx.cf.code.Merger::mergeLocals (122 bytes)
Event: 3,324 Thread 0x00007ff4c00c7800 nmethod 1994 0x00007ff4b0e54150 code [0x00007ff4b0e543e0, 0x00007ff4b0e554e8]

GC Heap History (10 events):
Event: 0,844 GC heap after
Heap after GC invocations=2 (full 0):
 PSYoungGen      total 32768K, used 2017K [0x00000000eab00000, 0x00000000ecd00000, 0x0000000100000000)
  eden space 30720K, 0% used [0x00000000eab00000,0x00000000eab00000,0x00000000ec900000)
  from space 2048K, 98% used [0x00000000ecb00000,0x00000000eccf8698,0x00000000ecd00000)
  to   space 2048K, 0% used [0x00000000ec900000,0x00000000ec900000,0x00000000ecb00000)
 ParOldGen       total 39936K, used 3554K [0x00000000c0000000, 0x00000000c2700000, 0x00000000eab00000)
  object space 39936K, 8% used [0x00000000c0000000,0x00000000c0378a80,0x00000000c2700000)
 Metaspace       used 5760K, capacity 6768K, committed 7040K, reserved 1056768K
  class space    used 592K, capacity 616K, committed 640K, reserved 1048576K
}
Event: 1,345 GC heap before
{Heap before GC invocations=3 (full 0):
 PSYoungGen      total 32768K, used 32737K [0x00000000eab00000, 0x00000000ecd00000, 0x0000000100000000)
  eden space 30720K, 100% used [0x00000000eab00000,0x00000000ec900000,0x00000000ec900000)
  from space 2048K, 98% used [0x00000000ecb00000,0x00000000eccf8698,0x00000000ecd00000)
  to   space 2048K, 0% used [0x00000000ec900000,0x00000000ec900000,0x00000000ecb00000)
 ParOldGen       total 39936K, used 3554K [0x00000000c0000000, 0x00000000c2700000, 0x00000000eab00000)
  object space 39936K, 8% used [0x00000000c0000000,0x00000000c0378a80,0x00000000c2700000)
 Metaspace       used 5838K, capacity 6832K, committed 7040K, reserved 1056768K
  class space    used 593K, capacity 616K, committed 640K, reserved 1048576K
Event: 1,400 GC heap after
Heap after GC invocations=3 (full 0):
 PSYoungGen      total 32768K, used 2026K [0x00000000eab00000, 0x00000000eeb00000, 0x0000000100000000)
  eden space 30720K, 0% used [0x00000000eab00000,0x00000000eab00000,0x00000000ec900000)
  from space 2048K, 98% used [0x00000000ec900000,0x00000000ecafaae0,0x00000000ecb00000)
  to   space 2048K, 0% used [0x00000000ee900000,0x00000000ee900000,0x00000000eeb00000)
 ParOldGen       total 39936K, used 8603K [0x00000000c0000000, 0x00000000c2700000, 0x00000000eab00000)
  object space 39936K, 21% used [0x00000000c0000000,0x00000000c0866dd0,0x00000000c2700000)
 Metaspace       used 5838K, capacity 6832K, committed 7040K, reserved 1056768K
  class space    used 593K, capacity 616K, committed 640K, reserved 1048576K
}
Event: 1,677 GC heap before
{Heap before GC invocations=4 (full 0):
 PSYoungGen      total 32768K, used 32746K [0x00000000eab00000, 0x00000000eeb00000, 0x0000000100000000)
  eden space 30720K, 100% used [0x00000000eab00000,0x00000000ec900000,0x00000000ec900000)
  from space 2048K, 98% used [0x00000000ec900000,0x00000000ecafaae0,0x00000000ecb00000)
  to   space 2048K, 0% used [0x00000000ee900000,0x00000000ee900000,0x00000000eeb00000)
 ParOldGen       total 39936K, used 8603K [0x00000000c0000000, 0x00000000c2700000, 0x00000000eab00000)
  object space 39936K, 21% used [0x00000000c0000000,0x00000000c0866dd0,0x00000000c2700000)
 Metaspace       used 5897K, capacity 6896K, committed 7040K, reserved 1056768K
  class space    used 593K, capacity 616K, committed 640K, reserved 1048576K
Event: 1,751 GC heap after
Heap after GC invocations=4 (full 0):
 PSYoungGen      total 63488K, used 2040K [0x00000000eab00000, 0x00000000eeb00000, 0x0000000100000000)
  eden space 61440K, 0% used [0x00000000eab00000,0x00000000eab00000,0x00000000ee700000)
  from space 2048K, 99% used [0x00000000ee900000,0x00000000eeafe1a0,0x00000000eeb00000)
  to   space 2048K, 0% used [0x00000000ee700000,0x00000000ee700000,0x00000000ee900000)
 ParOldGen       total 39936K, used 13214K [0x00000000c0000000, 0x00000000c2700000, 0x00000000eab00000)
  object space 39936K, 33% used [0x00000000c0000000,0x00000000c0ce79e0,0x00000000c2700000)
 Metaspace       used 5897K, capacity 6896K, committed 7040K, reserved 1056768K
  class space    used 593K, capacity 616K, committed 640K, reserved 1048576K
}
Event: 2,295 GC heap before
{Heap before GC invocations=5 (full 0):
 PSYoungGen      total 63488K, used 63480K [0x00000000eab00000, 0x00000000eeb00000, 0x0000000100000000)
  eden space 61440K, 100% used [0x00000000eab00000,0x00000000ee700000,0x00000000ee700000)
  from space 2048K, 99% used [0x00000000ee900000,0x00000000eeafe1a0,0x00000000eeb00000)
  to   space 2048K, 0% used [0x00000000ee700000,0x00000000ee700000,0x00000000ee900000)
 ParOldGen       total 39936K, used 13214K [0x00000000c0000000, 0x00000000c2700000, 0x00000000eab00000)
  object space 39936K, 33% used [0x00000000c0000000,0x00000000c0ce79e0,0x00000000c2700000)
 Metaspace       used 6121K, capacity 7000K, committed 7168K, reserved 1056768K
  class space    used 614K, capacity 656K, committed 768K, reserved 1048576K
Event: 2,370 GC heap after
Heap after GC invocations=5 (full 0):
 PSYoungGen      total 63488K, used 2039K [0x00000000eab00000, 0x00000000f3a00000, 0x0000000100000000)
  eden space 61440K, 0% used [0x00000000eab00000,0x00000000eab00000,0x00000000ee700000)
  from space 2048K, 99% used [0x00000000ee700000,0x00000000ee8fdeb0,0x00000000ee900000)
  to   space 11776K, 0% used [0x00000000f2e80000,0x00000000f2e80000,0x00000000f3a00000)
 ParOldGen       total 39936K, used 22428K [0x00000000c0000000, 0x00000000c2700000, 0x00000000eab00000)
  object space 39936K, 56% used [0x00000000c0000000,0x00000000c15e7130,0x00000000c2700000)
 Metaspace       used 6121K, capacity 7000K, committed 7168K, reserved 1056768K
  class space    used 614K, capacity 656K, committed 768K, reserved 1048576K
}
Event: 2,623 GC heap before
{Heap before GC invocations=6 (full 0):
 PSYoungGen      total 63488K, used 63479K [0x00000000eab00000, 0x00000000f3a00000, 0x0000000100000000)
  eden space 61440K, 100% used [0x00000000eab00000,0x00000000ee700000,0x00000000ee700000)
  from space 2048K, 99% used [0x00000000ee700000,0x00000000ee8fdeb0,0x00000000ee900000)
  to   space 11776K, 0% used [0x00000000f2e80000,0x00000000f2e80000,0x00000000f3a00000)
 ParOldGen       total 39936K, used 22428K [0x00000000c0000000, 0x00000000c2700000, 0x00000000eab00000)
  object space 39936K, 56% used [0x00000000c0000000,0x00000000c15e7130,0x00000000c2700000)
 Metaspace       used 6143K, capacity 7064K, committed 7424K, reserved 1056768K
  class space    used 614K, capacity 656K, committed 768K, reserved 1048576K
Event: 2,650 GC heap after
Heap after GC invocations=6 (full 0):
 PSYoungGen      total 133120K, used 10618K [0x00000000eab00000, 0x00000000f3d00000, 0x0000000100000000)
  eden space 121344K, 0% used [0x00000000eab00000,0x00000000eab00000,0x00000000f2180000)
  from space 11776K, 90% used [0x00000000f2e80000,0x00000000f38dea90,0x00000000f3a00000)
  to   space 13312K, 0% used [0x00000000f2180000,0x00000000f2180000,0x00000000f2e80000)
 ParOldGen       total 39936K, used 22436K [0x00000000c0000000, 0x00000000c2700000, 0x00000000eab00000)
  object space 39936K, 56% used [0x00000000c0000000,0x00000000c15e9130,0x00000000c2700000)
 Metaspace       used 6143K, capacity 7064K, committed 7424K, reserved 1056768K
  class space    used 614K, capacity 656K, committed 768K, reserved 1048576K
}
Event: 3,324 GC heap before
{Heap before GC invocations=7 (full 0):
 PSYoungGen      total 133120K, used 131962K [0x00000000eab00000, 0x00000000f3d00000, 0x0000000100000000)
  eden space 121344K, 100% used [0x00000000eab00000,0x00000000f2180000,0x00000000f2180000)
  from space 11776K, 90% used [0x00000000f2e80000,0x00000000f38dea90,0x00000000f3a00000)
  to   space 13312K, 0% used [0x00000000f2180000,0x00000000f2180000,0x00000000f2e80000)
 ParOldGen       total 39936K, used 22436K [0x00000000c0000000, 0x00000000c2700000, 0x00000000eab00000)
  object space 39936K, 56% used [0x00000000c0000000,0x00000000c15e9130,0x00000000c2700000)
 Metaspace       used 6300K, capacity 7192K, committed 7424K, reserved 1056768K
  class space    used 615K, capacity 656K, committed 768K, reserved 1048576K

Deoptimization events (10 events):
Event: 0,930 Thread 0x00007ff4c000a000 Uncommon trap: reason=null_check action=make_not_entrant pc=0x00007ff4b0a1dca8 method=com.android.dx.ssa.SsaRenamer.getLocalForNewReg(I)Lcom/android/dx/rop/code/LocalItem; @ 19
Event: 0,955 Thread 0x00007ff4c017b800 Uncommon trap: reason=null_check action=make_not_entrant pc=0x00007ff4b0a2e95c method=com.android.dx.ssa.SsaRenamer.getLocalForNewReg(I)Lcom/android/dx/rop/code/LocalItem; @ 19
Event: 1,326 Thread 0x00007ff4c016b000 Uncommon trap: reason=unstable_if action=reinterpret pc=0x00007ff4b09c851c method=com.android.dx.rop.cst.Constant.compareTo(Lcom/android/dx/rop/cst/Constant;)I @ 12
Event: 1,842 Thread 0x00007ff4c0179000 Uncommon trap: reason=unstable_if action=reinterpret pc=0x00007ff4b0b7a290 method=com.android.dx.ssa.SsaRenamer$BlockRenamer.visitMoveInsn(Lcom/android/dx/ssa/NormalSsaInsn;)V @ 104
Event: 1,855 Thread 0x00007ff4c000a000 Uncommon trap: reason=unstable_if action=reinterpret pc=0x00007ff4b0a6b0dc method=java.util.HashMap.putVal(ILjava/lang/Object;Ljava/lang/Object;ZZ)Ljava/lang/Object; @ 162
Event: 1,883 Thread 0x00007ff4c000a000 Uncommon trap: reason=unstable_if action=reinterpret pc=0x00007ff4b09d15ec method=java.util.HashMap.getNode(ILjava/lang/Object;)Ljava/util/HashMap$Node; @ 84
Event: 1,890 Thread 0x00007ff4c017b800 Uncommon trap: reason=unstable_if action=reinterpret pc=0x00007ff4b09c80f8 method=java.util.HashMap.getNode(ILjava/lang/Object;)Ljava/util/HashMap$Node; @ 84
Event: 2,665 Thread 0x00007ff4c017b800 Uncommon trap: reason=unstable_if action=reinterpret pc=0x00007ff4b0d44234 method=java.util.HashMap.getNode(ILjava/lang/Object;)Ljava/util/HashMap$Node; @ 84
Event: 2,893 Thread 0x00007ff4c017a000 Uncommon trap: reason=unstable_if action=reinterpret pc=0x00007ff4b0bd0548 method=com.android.dx.dex.code.OutputFinisher.hasLocalInfo(Lcom/android/dx/dex/code/DalvInsn;)Z @ 24
Event: 3,008 Thread 0x00007ff4c000a000 Uncommon trap: reason=unstable_if action=reinterpret pc=0x00007ff4b0ddde68 method=com.android.dx.rop.code.LocalVariableInfo.mergeStarts(ILcom/android/dx/rop/code/RegisterSpecSet;)Z @ 31

Internal exceptions (7 events):
Event: 0,044 Thread 0x00007ff4c000a000 Exception <a 'java/lang/NoSuchMethodError': Method sun.misc.Unsafe.defineClass(Ljava/lang/String;[BII)Ljava/lang/Class; name or signature does not match> (0x00000000eab07cc0) thrown at [/HUDSON3/workspace/8-2-build-linux-amd64/jdk8u101/7261/hotspot/src/sh
Event: 0,044 Thread 0x00007ff4c000a000 Exception <a 'java/lang/NoSuchMethodError': Method sun.misc.Unsafe.prefetchRead(Ljava/lang/Object;J)V name or signature does not match> (0x00000000eab07fa8) thrown at [/HUDSON3/workspace/8-2-build-linux-amd64/jdk8u101/7261/hotspot/src/share/vm/prims/jni.c
Event: 0,930 Thread 0x00007ff4c000a000 Implicit null exception at 0x00007ff4b0a1ad3d to 0x00007ff4b0a1dc65
Event: 0,955 Thread 0x00007ff4c017b800 Implicit null exception at 0x00007ff4b0a2c3a6 to 0x00007ff4b0a2e939
Event: 1,868 Thread 0x00007ff4c000a000 Exception <a 'java/lang/ArrayIndexOutOfBoundsException': 18> (0x00000000ebb2d2a0) thrown at [/HUDSON3/workspace/8-2-build-linux-amd64/jdk8u101/7261/hotspot/src/share/vm/interpreter/interpreterRuntime.cpp, line 366]
Event: 1,868 Thread 0x00007ff4c000a000 Exception <a 'java/lang/ArrayIndexOutOfBoundsException': 145> (0x00000000ebb2ee20) thrown at [/HUDSON3/workspace/8-2-build-linux-amd64/jdk8u101/7261/hotspot/src/share/vm/interpreter/interpreterRuntime.cpp, line 366]
Event: 1,872 Thread 0x00007ff4c000a000 Exception <a 'java/lang/ArrayIndexOutOfBoundsException': 40> (0x00000000ebb30108) thrown at [/HUDSON3/workspace/8-2-build-linux-amd64/jdk8u101/7261/hotspot/src/share/vm/interpreter/interpreterRuntime.cpp, line 366]

Events (10 events):
Event: 3,245 Thread 0x00007ff4c016b000 Thread exited: 0x00007ff4c016b000
Event: 3,257 Thread 0x00007ff4c017b800 DEOPT PACKING pc=0x00007ff4b0da33ef sp=0x00007ff4a5856dc0
Event: 3,257 Thread 0x00007ff4c017b800 DEOPT UNPACKING pc=0x00007ff4b07f5633 sp=0x00007ff4a5856b60 mode 0
Event: 3,277 Thread 0x00007ff4c017b800 DEOPT PACKING pc=0x00007ff4b0c5af4a sp=0x00007ff4a5857190
Event: 3,277 Thread 0x00007ff4c017b800 DEOPT UNPACKING pc=0x00007ff4b07f5633 sp=0x00007ff4a5856f40 mode 0
Event: 3,292 Thread 0x00007ff4c017b800 DEOPT PACKING pc=0x00007ff4b0a98159 sp=0x00007ff4a5856ec0
Event: 3,292 Thread 0x00007ff4c017b800 DEOPT UNPACKING pc=0x00007ff4b07f5633 sp=0x00007ff4a5856bf8 mode 0
Event: 3,324 Thread 0x00007ff4c017b800 DEOPT PACKING pc=0x00007ff4b0d5f010 sp=0x00007ff4a5856bd0
Event: 3,324 Thread 0x00007ff4c017b800 DEOPT UNPACKING pc=0x00007ff4b07f5633 sp=0x00007ff4a58569b0 mode 0
Event: 3,324 Executing VM operation: ParallelGCFailedAllocation


Dynamic libraries:
00400000-00401000 r-xp 00000000 08:01 6952765                            /usr/lib/jvm/java-8-oracle/bin/java
00600000-00601000 rw-p 00000000 08:01 6952765                            /usr/lib/jvm/java-8-oracle/bin/java
01df0000-01e11000 rw-p 00000000 00:00 0                                  [heap]
c0000000-c2700000 rw-p 00000000 00:00 0 
c2700000-eab00000 ---p 00000000 00:00 0 
eab00000-f3d00000 rw-p 00000000 00:00 0 
fc300000-100000000 ---p 00000000 00:00 0 
100000000-1000c0000 rw-p 00000000 00:00 0 
1000c0000-140000000 ---p 00000000 00:00 0 
7ff438000000-7ff438021000 rw-p 00000000 00:00 0 
7ff438021000-7ff43c000000 ---p 00000000 00:00 0 
7ff440000000-7ff44002d000 rw-p 00000000 00:00 0 
7ff44002d000-7ff444000000 ---p 00000000 00:00 0 
7ff444000000-7ff444030000 rw-p 00000000 00:00 0 
7ff444030000-7ff448000000 ---p 00000000 00:00 0 
7ff448000000-7ff448021000 rw-p 00000000 00:00 0 
7ff448021000-7ff44c000000 ---p 00000000 00:00 0 
7ff44c000000-7ff44c021000 rw-p 00000000 00:00 0 
7ff44c021000-7ff450000000 ---p 00000000 00:00 0 
7ff450000000-7ff450021000 rw-p 00000000 00:00 0 
7ff450021000-7ff454000000 ---p 00000000 00:00 0 
7ff454000000-7ff454021000 rw-p 00000000 00:00 0 
7ff454021000-7ff458000000 ---p 00000000 00:00 0 
7ff458000000-7ff458b26000 rw-p 00000000 00:00 0 
7ff458b26000-7ff45c000000 ---p 00000000 00:00 0 
7ff45c000000-7ff45c6ce000 rw-p 00000000 00:00 0 
7ff45c6ce000-7ff460000000 ---p 00000000 00:00 0 
7ff460000000-7ff460c0a000 rw-p 00000000 00:00 0 
7ff460c0a000-7ff464000000 ---p 00000000 00:00 0 
7ff464000000-7ff464e25000 rw-p 00000000 00:00 0 
7ff464e25000-7ff468000000 ---p 00000000 00:00 0 
7ff468000000-7ff468021000 rw-p 00000000 00:00 0 
7ff468021000-7ff46c000000 ---p 00000000 00:00 0 
7ff46c000000-7ff46c021000 rw-p 00000000 00:00 0 
7ff46c021000-7ff470000000 ---p 00000000 00:00 0 
7ff470000000-7ff470291000 rw-p 00000000 00:00 0 
7ff470291000-7ff474000000 ---p 00000000 00:00 0 
7ff474000000-7ff474021000 rw-p 00000000 00:00 0 
7ff474021000-7ff478000000 ---p 00000000 00:00 0 
7ff478000000-7ff478021000 rw-p 00000000 00:00 0 
7ff478021000-7ff47c000000 ---p 00000000 00:00 0 
7ff480000000-7ff480021000 rw-p 00000000 00:00 0 
7ff480021000-7ff484000000 ---p 00000000 00:00 0 
7ff488000000-7ff488021000 rw-p 00000000 00:00 0 
7ff488021000-7ff48c000000 ---p 00000000 00:00 0 
7ff48c000000-7ff48c021000 rw-p 00000000 00:00 0 
7ff48c021000-7ff490000000 ---p 00000000 00:00 0 
7ff490000000-7ff490021000 rw-p 00000000 00:00 0 
7ff490021000-7ff494000000 ---p 00000000 00:00 0 
7ff498000000-7ff498021000 rw-p 00000000 00:00 0 
7ff498021000-7ff49c000000 ---p 00000000 00:00 0 
7ff4a0000000-7ff4a0021000 rw-p 00000000 00:00 0 
7ff4a0021000-7ff4a4000000 ---p 00000000 00:00 0 
7ff4a5733000-7ff4a5758000 r--p 00000000 08:01 6818783                    /usr/share/locale-langpack/cs/LC_MESSAGES/libc.mo
7ff4a5758000-7ff4a575b000 ---p 00000000 00:00 0 
7ff4a575b000-7ff4a5859000 rw-p 00000000 00:00 0 
7ff4a5859000-7ff4a585c000 ---p 00000000 00:00 0 
7ff4a585c000-7ff4a595a000 rw-p 00000000 00:00 0 
7ff4a595a000-7ff4a595d000 ---p 00000000 00:00 0 
7ff4a595d000-7ff4a5a5b000 rw-p 00000000 00:00 0 
7ff4a5a5b000-7ff4a5a5e000 ---p 00000000 00:00 0 
7ff4a5a5e000-7ff4a5b5c000 rw-p 00000000 00:00 0 
7ff4a5b5c000-7ff4a5b5f000 ---p 00000000 00:00 0 
7ff4a5b5f000-7ff4a5c5d000 rw-p 00000000 00:00 0 
7ff4a5c66000-7ff4a5c67000 ---p 00000000 00:00 0 
7ff4a5c67000-7ff4a5d67000 rw-p 00000000 00:00 0 
7ff4a5d67000-7ff4a5d6a000 ---p 00000000 00:00 0 
7ff4a5d6a000-7ff4a5e68000 rw-p 00000000 00:00 0 
7ff4a5e68000-7ff4a5e6b000 ---p 00000000 00:00 0 
7ff4a5e6b000-7ff4a5f69000 rw-p 00000000 00:00 0 
7ff4a5f69000-7ff4a5f6c000 ---p 00000000 00:00 0 
7ff4a5f6c000-7ff4a606a000 rw-p 00000000 00:00 0 
7ff4a606a000-7ff4a606d000 ---p 00000000 00:00 0 
7ff4a606d000-7ff4a616b000 rw-p 00000000 00:00 0 
7ff4a616b000-7ff4a616e000 ---p 00000000 00:00 0 
7ff4a616e000-7ff4a626c000 rw-p 00000000 00:00 0 
7ff4a626c000-7ff4a626f000 ---p 00000000 00:00 0 
7ff4a626f000-7ff4a636d000 rw-p 00000000 00:00 0 
7ff4a636d000-7ff4a6d49000 r--p 00000000 08:01 6823137                    /usr/lib/locale/locale-archive
7ff4a6d49000-7ff4a6d4c000 ---p 00000000 00:00 0 
7ff4a6d4c000-7ff4a6e4a000 rw-p 00000000 00:00 0 
7ff4a6e4a000-7ff4a6e4d000 ---p 00000000 00:00 0 
7ff4a6e4d000-7ff4a6f4b000 rw-p 00000000 00:00 0 
7ff4a6f4b000-7ff4a6f4c000 ---p 00000000 00:00 0 
7ff4a6f4c000-7ff4a8000000 rw-p 00000000 00:00 0 
7ff4a8000000-7ff4a8021000 rw-p 00000000 00:00 0 
7ff4a8021000-7ff4ac000000 ---p 00000000 00:00 0 
7ff4ac005000-7ff4ac013000 r--s 000e0000 08:01 2753427                    /home/vojta/Android/Sdk/build-tools/24.0.1/lib/dx.jar
7ff4ac013000-7ff4acc40000 rw-p 00000000 00:00 0 
7ff4acc40000-7ff4ace19000 r--s 03d29000 08:01 6954635                    /usr/lib/jvm/java-8-oracle/jre/lib/rt.jar
7ff4ace19000-7ff4ad50f000 rw-p 00000000 00:00 0 
7ff4ad50f000-7ff4ad68f000 ---p 00000000 00:00 0 
7ff4ad68f000-7ff4af88f000 rw-p 00000000 00:00 0 
7ff4af88f000-7ff4af890000 ---p 00000000 00:00 0 
7ff4af890000-7ff4af990000 rw-p 00000000 00:00 0 
7ff4af990000-7ff4af991000 ---p 00000000 00:00 0 
7ff4af991000-7ff4afa91000 rw-p 00000000 00:00 0 
7ff4afa91000-7ff4afa92000 ---p 00000000 00:00 0 
7ff4afa92000-7ff4afb92000 rw-p 00000000 00:00 0 
7ff4afb92000-7ff4afb93000 ---p 00000000 00:00 0 
7ff4afb93000-7ff4afc93000 rw-p 00000000 00:00 0 
7ff4afc93000-7ff4afc94000 ---p 00000000 00:00 0 
7ff4afc94000-7ff4afd94000 rw-p 00000000 00:00 0 
7ff4afd94000-7ff4afd95000 ---p 00000000 00:00 0 
7ff4afd95000-7ff4afe95000 rw-p 00000000 00:00 0 
7ff4afe95000-7ff4afe96000 ---p 00000000 00:00 0 
7ff4afe96000-7ff4aff96000 rw-p 00000000 00:00 0 
7ff4aff96000-7ff4aff97000 ---p 00000000 00:00 0 
7ff4aff97000-7ff4b00ab000 rw-p 00000000 00:00 0 
7ff4b00ab000-7ff4b01ed000 ---p 00000000 00:00 0 
7ff4b01ed000-7ff4b0201000 rw-p 00000000 00:00 0 
7ff4b0201000-7ff4b0342000 ---p 00000000 00:00 0 
7ff4b0342000-7ff4b038c000 rw-p 00000000 00:00 0 
7ff4b038c000-7ff4b03ed000 ---p 00000000 00:00 0 
7ff4b03ed000-7ff4b0409000 rw-p 00000000 00:00 0 
7ff4b0409000-7ff4b07ae000 ---p 00000000 00:00 0 
7ff4b07ae000-7ff4b0e5e000 rwxp 00000000 00:00 0 
7ff4b0e5e000-7ff4bf7ae000 ---p 00000000 00:00 0 
7ff4bf7ae000-7ff4bf7c8000 r-xp 00000000 08:01 6239                       /usr/lib/jvm/java-8-oracle/jre/lib/amd64/libzip.so
7ff4bf7c8000-7ff4bf9c8000 ---p 0001a000 08:01 6239                       /usr/lib/jvm/java-8-oracle/jre/lib/amd64/libzip.so
7ff4bf9c8000-7ff4bf9c9000 rw-p 0001a000 08:01 6239                       /usr/lib/jvm/java-8-oracle/jre/lib/amd64/libzip.so
7ff4bf9c9000-7ff4bf9d4000 r-xp 00000000 08:01 5247692                    /lib/x86_64-linux-gnu/libnss_files-2.23.so
7ff4bf9d4000-7ff4bfbd3000 ---p 0000b000 08:01 5247692                    /lib/x86_64-linux-gnu/libnss_files-2.23.so
7ff4bfbd3000-7ff4bfbd4000 r--p 0000a000 08:01 5247692                    /lib/x86_64-linux-gnu/libnss_files-2.23.so
7ff4bfbd4000-7ff4bfbd5000 rw-p 0000b000 08:01 5247692                    /lib/x86_64-linux-gnu/libnss_files-2.23.so
7ff4bfbd5000-7ff4bfbdb000 rw-p 00000000 00:00 0 
7ff4bfbdb000-7ff4bfbe6000 r-xp 00000000 08:01 5247702                    /lib/x86_64-linux-gnu/libnss_nis-2.23.so
7ff4bfbe6000-7ff4bfde5000 ---p 0000b000 08:01 5247702                    /lib/x86_64-linux-gnu/libnss_nis-2.23.so
7ff4bfde5000-7ff4bfde6000 r--p 0000a000 08:01 5247702                    /lib/x86_64-linux-gnu/libnss_nis-2.23.so
7ff4bfde6000-7ff4bfde7000 rw-p 0000b000 08:01 5247702                    /lib/x86_64-linux-gnu/libnss_nis-2.23.so
7ff4bfde7000-7ff4bfdfd000 r-xp 00000000 08:01 5247686                    /lib/x86_64-linux-gnu/libnsl-2.23.so
7ff4bfdfd000-7ff4bfffc000 ---p 00016000 08:01 5247686                    /lib/x86_64-linux-gnu/libnsl-2.23.so
7ff4bfffc000-7ff4bfffd000 r--p 00015000 08:01 5247686                    /lib/x86_64-linux-gnu/libnsl-2.23.so
7ff4bfffd000-7ff4bfffe000 rw-p 00016000 08:01 5247686                    /lib/x86_64-linux-gnu/libnsl-2.23.so
7ff4bfffe000-7ff4c0000000 rw-p 00000000 00:00 0 
7ff4c0000000-7ff4c03c8000 rw-p 00000000 00:00 0 
7ff4c03c8000-7ff4c4000000 ---p 00000000 00:00 0 
7ff4c4001000-7ff4c4008000 r--s 00000000 08:01 2500                       /usr/lib/x86_64-linux-gnu/gconv/gconv-modules.cache
7ff4c4008000-7ff4c406b000 rw-p 00000000 00:00 0 
7ff4c406b000-7ff4c4073000 r-xp 00000000 08:01 5247688                    /lib/x86_64-linux-gnu/libnss_compat-2.23.so
7ff4c4073000-7ff4c4272000 ---p 00008000 08:01 5247688                    /lib/x86_64-linux-gnu/libnss_compat-2.23.so
7ff4c4272000-7ff4c4273000 r--p 00007000 08:01 5247688                    /lib/x86_64-linux-gnu/libnss_compat-2.23.so
7ff4c4273000-7ff4c4274000 rw-p 00008000 08:01 5247688                    /lib/x86_64-linux-gnu/libnss_compat-2.23.so
7ff4c4274000-7ff4c429e000 r-xp 00000000 08:01 6265                       /usr/lib/jvm/java-8-oracle/jre/lib/amd64/libjava.so
7ff4c429e000-7ff4c449e000 ---p 0002a000 08:01 6265                       /usr/lib/jvm/java-8-oracle/jre/lib/amd64/libjava.so
7ff4c449e000-7ff4c44a0000 rw-p 0002a000 08:01 6265                       /usr/lib/jvm/java-8-oracle/jre/lib/amd64/libjava.so
7ff4c44a0000-7ff4c44ad000 r-xp 00000000 08:01 6219                       /usr/lib/jvm/java-8-oracle/jre/lib/amd64/libverify.so
7ff4c44ad000-7ff4c46ad000 ---p 0000d000 08:01 6219                       /usr/lib/jvm/java-8-oracle/jre/lib/amd64/libverify.so
7ff4c46ad000-7ff4c46af000 rw-p 0000d000 08:01 6219                       /usr/lib/jvm/java-8-oracle/jre/lib/amd64/libverify.so
7ff4c46af000-7ff4c46b6000 r-xp 00000000 08:01 5247747                    /lib/x86_64-linux-gnu/librt-2.23.so
7ff4c46b6000-7ff4c48b5000 ---p 00007000 08:01 5247747                    /lib/x86_64-linux-gnu/librt-2.23.so
7ff4c48b5000-7ff4c48b6000 r--p 00006000 08:01 5247747                    /lib/x86_64-linux-gnu/librt-2.23.so
7ff4c48b6000-7ff4c48b7000 rw-p 00007000 08:01 5247747                    /lib/x86_64-linux-gnu/librt-2.23.so
7ff4c48b7000-7ff4c49bf000 r-xp 00000000 08:01 5247663                    /lib/x86_64-linux-gnu/libm-2.23.so
7ff4c49bf000-7ff4c4bbe000 ---p 00108000 08:01 5247663                    /lib/x86_64-linux-gnu/libm-2.23.so
7ff4c4bbe000-7ff4c4bbf000 r--p 00107000 08:01 5247663                    /lib/x86_64-linux-gnu/libm-2.23.so
7ff4c4bbf000-7ff4c4bc0000 rw-p 00108000 08:01 5247663                    /lib/x86_64-linux-gnu/libm-2.23.so
7ff4c4bc0000-7ff4c588b000 r-xp 00000000 08:01 6269                       /usr/lib/jvm/java-8-oracle/jre/lib/amd64/server/libjvm.so
7ff4c588b000-7ff4c5a8a000 ---p 00ccb000 08:01 6269                       /usr/lib/jvm/java-8-oracle/jre/lib/amd64/server/libjvm.so
7ff4c5a8a000-7ff4c5b63000 rw-p 00cca000 08:01 6269                       /usr/lib/jvm/java-8-oracle/jre/lib/amd64/server/libjvm.so
7ff4c5b63000-7ff4c5bae000 rw-p 00000000 00:00 0 
7ff4c5bae000-7ff4c5d6e000 r-xp 00000000 08:01 5247593                    /lib/x86_64-linux-gnu/libc-2.23.so
7ff4c5d6e000-7ff4c5f6d000 ---p 001c0000 08:01 5247593                    /lib/x86_64-linux-gnu/libc-2.23.so
7ff4c5f6d000-7ff4c5f71000 r--p 001bf000 08:01 5247593                    /lib/x86_64-linux-gnu/libc-2.23.so
7ff4c5f71000-7ff4c5f73000 rw-p 001c3000 08:01 5247593                    /lib/x86_64-linux-gnu/libc-2.23.so
7ff4c5f73000-7ff4c5f77000 rw-p 00000000 00:00 0 
7ff4c5f77000-7ff4c5f7a000 r-xp 00000000 08:01 5247617                    /lib/x86_64-linux-gnu/libdl-2.23.so
7ff4c5f7a000-7ff4c6179000 ---p 00003000 08:01 5247617                    /lib/x86_64-linux-gnu/libdl-2.23.so
7ff4c6179000-7ff4c617a000 r--p 00002000 08:01 5247617                    /lib/x86_64-linux-gnu/libdl-2.23.so
7ff4c617a000-7ff4c617b000 rw-p 00003000 08:01 5247617                    /lib/x86_64-linux-gnu/libdl-2.23.so
7ff4c617b000-7ff4c6190000 r-xp 00000000 08:01 6832302                    /usr/lib/jvm/java-8-oracle/lib/amd64/jli/libjli.so
7ff4c6190000-7ff4c6390000 ---p 00015000 08:01 6832302                    /usr/lib/jvm/java-8-oracle/lib/amd64/jli/libjli.so
7ff4c6390000-7ff4c6391000 rw-p 00015000 08:01 6832302                    /usr/lib/jvm/java-8-oracle/lib/amd64/jli/libjli.so
7ff4c6391000-7ff4c63a9000 r-xp 00000000 08:01 5247739                    /lib/x86_64-linux-gnu/libpthread-2.23.so
7ff4c63a9000-7ff4c65a8000 ---p 00018000 08:01 5247739                    /lib/x86_64-linux-gnu/libpthread-2.23.so
7ff4c65a8000-7ff4c65a9000 r--p 00017000 08:01 5247739                    /lib/x86_64-linux-gnu/libpthread-2.23.so
7ff4c65a9000-7ff4c65aa000 rw-p 00018000 08:01 5247739                    /lib/x86_64-linux-gnu/libpthread-2.23.so
7ff4c65aa000-7ff4c65ae000 rw-p 00000000 00:00 0 
7ff4c65ae000-7ff4c65d4000 r-xp 00000000 08:01 5247565                    /lib/x86_64-linux-gnu/ld-2.23.so
7ff4c65d6000-7ff4c66a8000 rw-p 00000000 00:00 0 
7ff4c66a8000-7ff4c66ab000 ---p 00000000 00:00 0 
7ff4c66ab000-7ff4c67ad000 rw-p 00000000 00:00 0 
7ff4c67b3000-7ff4c67c7000 rw-p 00000000 00:00 0 
7ff4c67c7000-7ff4c67cf000 rw-s 00000000 08:01 6685379                    /tmp/hsperfdata_vojta/8725
7ff4c67cf000-7ff4c67d0000 rw-p 00000000 00:00 0 
7ff4c67d0000-7ff4c67d1000 ---p 00000000 00:00 0 
7ff4c67d1000-7ff4c67d3000 rw-p 00000000 00:00 0 
7ff4c67d3000-7ff4c67d4000 r--p 00025000 08:01 5247565                    /lib/x86_64-linux-gnu/ld-2.23.so
7ff4c67d4000-7ff4c67d5000 rw-p 00026000 08:01 5247565                    /lib/x86_64-linux-gnu/ld-2.23.so
7ff4c67d5000-7ff4c67d6000 rw-p 00000000 00:00 0 
7ffd3fbb0000-7ffd3fbd1000 rw-p 00000000 00:00 0                          [stack]
7ffd3fbdf000-7ffd3fbe1000 r--p 00000000 00:00 0                          [vvar]
7ffd3fbe1000-7ffd3fbe3000 r-xp 00000000 00:00 0                          [vdso]
ffffffffff600000-ffffffffff601000 r-xp 00000000 00:00 0                  [vsyscall]

VM Arguments:
jvm_args: -Djava.awt.headless=true -Xmx1024M -Dfile.encoding=UTF-8 -Duser.country=CZ -Duser.language=cs -Duser.variant 
java_command: com.android.dx.command.Main --dex --force-jumbo --num-threads=4 --multi-dex --output /home/vojta/Projekty_android/APKMirror/app/build/intermediates/transforms/dex/debug/folders/1000/10/com.android.support-appcompat-v7-23.4.0_e8089420c8004856386c2fe373ff29027a436deb /home/vojta/Projekty_android/APKMirror/app/build/intermediates/exploded-aar/com.android.support/appcompat-v7/23.4.0/jars/classes.jar
java_class_path (initial): /home/vojta/Android/Sdk/build-tools/24.0.1/lib/dx.jar
Launcher Type: SUN_STANDARD

Environment Variables:
PATH=/usr/local/sbin:/usr/local/bin:/usr/sbin:/usr/bin:/sbin:/bin:/usr/games:/usr/local/games:/snap/bin
LD_LIBRARY_PATH=/home/vojta/Aplikace/android-studio/bin:
SHELL=/bin/bash
DISPLAY=:0

Signal Handlers:
SIGSEGV: [libjvm.so+0xac4790], sa_mask[0]=11111111011111111101111111111110, sa_flags=SA_RESTART|SA_SIGINFO
SIGBUS: [libjvm.so+0xac4790], sa_mask[0]=11111111011111111101111111111110, sa_flags=SA_RESTART|SA_SIGINFO
SIGFPE: [libjvm.so+0x91f140], sa_mask[0]=11111111011111111101111111111110, sa_flags=SA_RESTART|SA_SIGINFO
SIGPIPE: [libjvm.so+0x91f140], sa_mask[0]=11111111011111111101111111111110, sa_flags=SA_RESTART|SA_SIGINFO
SIGXFSZ: [libjvm.so+0x91f140], sa_mask[0]=11111111011111111101111111111110, sa_flags=SA_RESTART|SA_SIGINFO
SIGILL: [libjvm.so+0x91f140], sa_mask[0]=11111111011111111101111111111110, sa_flags=SA_RESTART|SA_SIGINFO
SIGUSR1: SIG_DFL, sa_mask[0]=00000000000000000000000000000000, sa_flags=none
SIGUSR2: [libjvm.so+0x920770], sa_mask[0]=00100000000000000000000000000000, sa_flags=SA_RESTART|SA_SIGINFO
SIGHUP: [libjvm.so+0x921b70], sa_mask[0]=11111111011111111101111111111110, sa_flags=SA_RESTART|SA_SIGINFO
SIGINT: [libjvm.so+0x921b70], sa_mask[0]=11111111011111111101111111111110, sa_flags=SA_RESTART|SA_SIGINFO
SIGTERM: [libjvm.so+0x921b70], sa_mask[0]=11111111011111111101111111111110, sa_flags=SA_RESTART|SA_SIGINFO
SIGQUIT: [libjvm.so+0x921b70], sa_mask[0]=11111111011111111101111111111110, sa_flags=SA_RESTART|SA_SIGINFO


---------------  S Y S T E M  ---------------

OS:DISTRIB_ID=Ubuntu
DISTRIB_RELEASE=16.04
DISTRIB_CODENAME=xenial
DISTRIB_DESCRIPTION="Ubuntu 16.04.1 LTS"

uname:Linux 4.4.0-36-generic #55-Ubuntu SMP Thu Aug 11 18:01:55 UTC 2016 x86_64
libc:glibc 2.23 NPTL 2.23 
rlimit: STACK 8192k, CORE 0k, NPROC 14419, NOFILE 65536, AS infinity
load average:2,51 2,16 1,77

/proc/meminfo:
MemTotal:        3730064 kB
MemFree:          116140 kB
MemAvailable:      32592 kB
Buffers:            2216 kB
Cached:           263708 kB
SwapCached:        15532 kB
Active:          2609744 kB
Inactive:         807376 kB
Active(anon):    2595564 kB
Inactive(anon):   794860 kB
Active(file):      14180 kB
Inactive(file):    12516 kB
Unevictable:           0 kB
Mlocked:               0 kB
SwapTotal:       3871740 kB
SwapFree:              0 kB
Dirty:              1456 kB
Writeback:             0 kB
AnonPages:       3136316 kB
Mapped:           101304 kB
Shmem:            239188 kB
Slab:              88140 kB
SReclaimable:      41036 kB
SUnreclaim:        47104 kB
KernelStack:       14064 kB
PageTables:        50836 kB
NFS_Unstable:          0 kB
Bounce:                0 kB
WritebackTmp:          0 kB
CommitLimit:     5736772 kB
Committed_AS:   12330588 kB
VmallocTotal:   34359738367 kB
VmallocUsed:           0 kB
VmallocChunk:          0 kB
HardwareCorrupted:     0 kB
AnonHugePages:   1175552 kB
CmaTotal:              0 kB
CmaFree:               0 kB
HugePages_Total:       0
HugePages_Free:        0
HugePages_Rsvd:        0
HugePages_Surp:        0
Hugepagesize:       2048 kB
DirectMap4k:      132660 kB
DirectMap2M:     3741696 kB


CPU:total 8 (4 cores per cpu, 2 threads per core) family 6 model 58 stepping 9, cmov, cx8, fxsr, mmx, sse, sse2, sse3, ssse3, sse4.1, sse4.2, popcnt, avx, aes, clmul, erms, ht, tsc, tscinvbit, tscinv

/proc/cpuinfo:
processor	: 0
vendor_id	: GenuineIntel
cpu family	: 6
model		: 58
model name	: Intel(R) Core(TM) i7-3770 CPU @ 3.40GHz
stepping	: 9
microcode	: 0x1c
cpu MHz		: 3699.890
cache size	: 8192 KB
physical id	: 0
siblings	: 8
core id		: 0
cpu cores	: 4
apicid		: 0
initial apicid	: 0
fpu		: yes
fpu_exception	: yes
cpuid level	: 13
wp		: yes
flags		: fpu vme de pse tsc msr pae mce cx8 apic sep mtrr pge mca cmov pat pse36 clflush dts acpi mmx fxsr sse sse2 ss ht tm pbe syscall nx rdtscp lm constant_tsc arch_perfmon pebs bts rep_good nopl xtopology nonstop_tsc aperfmperf eagerfpu pni pclmulqdq dtes64 monitor ds_cpl vmx smx est tm2 ssse3 cx16 xtpr pdcm pcid sse4_1 sse4_2 x2apic popcnt tsc_deadline_timer aes xsave avx f16c rdrand lahf_lm epb tpr_shadow vnmi flexpriority ept vpid fsgsbase smep erms xsaveopt dtherm ida arat pln pts
bugs		:
bogomips	: 6784.54
clflush size	: 64
cache_alignment	: 64
address sizes	: 36 bits physical, 48 bits virtual
power management:

processor	: 1
vendor_id	: GenuineIntel
cpu family	: 6
model		: 58
model name	: Intel(R) Core(TM) i7-3770 CPU @ 3.40GHz
stepping	: 9
microcode	: 0x1c
cpu MHz		: 3699.890
cache size	: 8192 KB
physical id	: 0
siblings	: 8
core id		: 1
cpu cores	: 4
apicid		: 2
initial apicid	: 2
fpu		: yes
fpu_exception	: yes
cpuid level	: 13
wp		: yes
flags		: fpu vme de pse tsc msr pae mce cx8 apic sep mtrr pge mca cmov pat pse36 clflush dts acpi mmx fxsr sse sse2 ss ht tm pbe syscall nx rdtscp lm constant_tsc arch_perfmon pebs bts rep_good nopl xtopology nonstop_tsc aperfmperf eagerfpu pni pclmulqdq dtes64 monitor ds_cpl vmx smx est tm2 ssse3 cx16 xtpr pdcm pcid sse4_1 sse4_2 x2apic popcnt tsc_deadline_timer aes xsave avx f16c rdrand lahf_lm epb tpr_shadow vnmi flexpriority ept vpid fsgsbase smep erms xsaveopt dtherm ida arat pln pts
bugs		:
bogomips	: 6784.54
clflush size	: 64
cache_alignment	: 64
address sizes	: 36 bits physical, 48 bits virtual
power management:

processor	: 2
vendor_id	: GenuineIntel
cpu family	: 6
model		: 58
model name	: Intel(R) Core(TM) i7-3770 CPU @ 3.40GHz
stepping	: 9
microcode	: 0x1c
cpu MHz		: 3699.890
cache size	: 8192 KB
physical id	: 0
siblings	: 8
core id		: 2
cpu cores	: 4
apicid		: 4
initial apicid	: 4
fpu		: yes
fpu_exception	: yes
cpuid level	: 13
wp		: yes
flags		: fpu vme de pse tsc msr pae mce cx8 apic sep mtrr pge mca cmov pat pse36 clflush dts acpi mmx fxsr sse sse2 ss ht tm pbe syscall nx rdtscp lm constant_tsc arch_perfmon pebs bts rep_good nopl xtopology nonstop_tsc aperfmperf eagerfpu pni pclmulqdq dtes64 monitor ds_cpl vmx smx est tm2 ssse3 cx16 xtpr pdcm pcid sse4_1 sse4_2 x2apic popcnt tsc_deadline_timer aes xsave avx f16c rdrand lahf_lm epb tpr_shadow vnmi flexpriority ept vpid fsgsbase smep erms xsaveopt dtherm ida arat pln pts
bugs		:
bogomips	: 6784.54
clflush size	: 64
cache_alignment	: 64
address sizes	: 36 bits physical, 48 bits virtual
power management:

processor	: 3
vendor_id	: GenuineIntel
cpu family	: 6
model		: 58
model name	: Intel(R) Core(TM) i7-3770 CPU @ 3.40GHz
stepping	: 9
microcode	: 0x1c
cpu MHz		: 3699.890
cache size	: 8192 KB
physical id	: 0
siblings	: 8
core id		: 3
cpu cores	: 4
apicid		: 6
initial apicid	: 6
fpu		: yes
fpu_exception	: yes
cpuid level	: 13
wp		: yes
flags		: fpu vme de pse tsc msr pae mce cx8 apic sep mtrr pge mca cmov pat pse36 clflush dts acpi mmx fxsr sse sse2 ss ht tm pbe syscall nx rdtscp lm constant_tsc arch_perfmon pebs bts rep_good nopl xtopology nonstop_tsc aperfmperf eagerfpu pni pclmulqdq dtes64 monitor ds_cpl vmx smx est tm2 ssse3 cx16 xtpr pdcm pcid sse4_1 sse4_2 x2apic popcnt tsc_deadline_timer aes xsave avx f16c rdrand lahf_lm epb tpr_shadow vnmi flexpriority ept vpid fsgsbase smep erms xsaveopt dtherm ida arat pln pts
bugs		:
bogomips	: 6784.54
clflush size	: 64
cache_alignment	: 64
address sizes	: 36 bits physical, 48 bits virtual
power management:

processor	: 4
vendor_id	: GenuineIntel
cpu family	: 6
model		: 58
model name	: Intel(R) Core(TM) i7-3770 CPU @ 3.40GHz
stepping	: 9
microcode	: 0x1c
cpu MHz		: 3699.890
cache size	: 8192 KB
physical id	: 0
siblings	: 8
core id		: 0
cpu cores	: 4
apicid		: 1
initial apicid	: 1
fpu		: yes
fpu_exception	: yes
cpuid level	: 13
wp		: yes
flags		: fpu vme de pse tsc msr pae mce cx8 apic sep mtrr pge mca cmov pat pse36 clflush dts acpi mmx fxsr sse sse2 ss ht tm pbe syscall nx rdtscp lm constant_tsc arch_perfmon pebs bts rep_good nopl xtopology nonstop_tsc aperfmperf eagerfpu pni pclmulqdq dtes64 monitor ds_cpl vmx smx est tm2 ssse3 cx16 xtpr pdcm pcid sse4_1 sse4_2 x2apic popcnt tsc_deadline_timer aes xsave avx f16c rdrand lahf_lm epb tpr_shadow vnmi flexpriority ept vpid fsgsbase smep erms xsaveopt dtherm ida arat pln pts
bugs		:
bogomips	: 6784.54
clflush size	: 64
cache_alignment	: 64
address sizes	: 36 bits physical, 48 bits virtual
power management:

processor	: 5
vendor_id	: GenuineIntel
cpu family	: 6
model		: 58
model name	: Intel(R) Core(TM) i7-3770 CPU @ 3.40GHz
stepping	: 9
microcode	: 0x1c
cpu MHz		: 3699.890
cache size	: 8192 KB
physical id	: 0
siblings	: 8
core id		: 1
cpu cores	: 4
apicid		: 3
initial apicid	: 3
fpu		: yes
fpu_exception	: yes
cpuid level	: 13
wp		: yes
flags		: fpu vme de pse tsc msr pae mce cx8 apic sep mtrr pge mca cmov pat pse36 clflush dts acpi mmx fxsr sse sse2 ss ht tm pbe syscall nx rdtscp lm constant_tsc arch_perfmon pebs bts rep_good nopl xtopology nonstop_tsc aperfmperf eagerfpu pni pclmulqdq dtes64 monitor ds_cpl vmx smx est tm2 ssse3 cx16 xtpr pdcm pcid sse4_1 sse4_2 x2apic popcnt tsc_deadline_timer aes xsave avx f16c rdrand lahf_lm epb tpr_shadow vnmi flexpriority ept vpid fsgsbase smep erms xsaveopt dtherm ida arat pln pts
bugs		:
bogomips	: 6784.54
clflush size	: 64
cache_alignment	: 64
address sizes	: 36 bits physical, 48 bits virtual
power management:

processor	: 6
vendor_id	: GenuineIntel
cpu family	: 6
model		: 58
model name	: Intel(R) Core(TM) i7-3770 CPU @ 3.40GHz
stepping	: 9
microcode	: 0x1c
cpu MHz		: 3699.890
cache size	: 8192 KB
physical id	: 0
siblings	: 8
core id		: 2
cpu cores	: 4
apicid		: 5
initial apicid	: 5
fpu		: yes
fpu_exception	: yes
cpuid level	: 13
wp		: yes
flags		: fpu vme de pse tsc msr pae mce cx8 apic sep mtrr pge mca cmov pat pse36 clflush dts acpi mmx fxsr sse sse2 ss ht tm pbe syscall nx rdtscp lm constant_tsc arch_perfmon pebs bts rep_good nopl xtopology nonstop_tsc aperfmperf eagerfpu pni pclmulqdq dtes64 monitor ds_cpl vmx smx est tm2 ssse3 cx16 xtpr pdcm pcid sse4_1 sse4_2 x2apic popcnt tsc_deadline_timer aes xsave avx f16c rdrand lahf_lm epb tpr_shadow vnmi flexpriority ept vpid fsgsbase smep erms xsaveopt dtherm ida arat pln pts
bugs		:
bogomips	: 6784.54
clflush size	: 64
cache_alignment	: 64
address sizes	: 36 bits physical, 48 bits virtual
power management:

processor	: 7
vendor_id	: GenuineIntel
cpu family	: 6
model		: 58
model name	: Intel(R) Core(TM) i7-3770 CPU @ 3.40GHz
stepping	: 9
microcode	: 0x1c
cpu MHz		: 3699.890
cache size	: 8192 KB
physical id	: 0
siblings	: 8
core id		: 3
cpu cores	: 4
apicid		: 7
initial apicid	: 7
fpu		: yes
fpu_exception	: yes
cpuid level	: 13
wp		: yes
flags		: fpu vme de pse tsc msr pae mce cx8 apic sep mtrr pge mca cmov pat pse36 clflush dts acpi mmx fxsr sse sse2 ss ht tm pbe syscall nx rdtscp lm constant_tsc arch_perfmon pebs bts rep_good nopl xtopology nonstop_tsc aperfmperf eagerfpu pni pclmulqdq dtes64 monitor ds_cpl vmx smx est tm2 ssse3 cx16 xtpr pdcm pcid sse4_1 sse4_2 x2apic popcnt tsc_deadline_timer aes xsave avx f16c rdrand lahf_lm epb tpr_shadow vnmi flexpriority ept vpid fsgsbase smep erms xsaveopt dtherm ida arat pln pts
bugs		:
bogomips	: 6784.54
clflush size	: 64
cache_alignment	: 64
address sizes	: 36 bits physical, 48 bits virtual
power management:



Memory: 4k page, physical 3730064k(116520k free), swap 3871740k(0k free)

vm_info: Java HotSpot(TM) 64-Bit Server VM (25.101-b13) for linux-amd64 JRE (1.8.0_101-b13), built on Jun 22 2016 02:59:44 by "java_re" with gcc 4.3.0 20080428 (Red Hat 4.3.0-8)

time: Mon Sep  5 19:04:11 2016
elapsed time: 3 seconds (0d 0h 0m 3s)

