#
# There is insufficient memory for the Java Runtime Environment to continue.
# Native memory allocation (mmap) failed to map 88080384 bytes for committing reserved memory.
# Possible reasons:
#   The system is out of physical RAM or swap space
#   In 32 bit mode, the process size limit was hit
# Possible solutions:
#   Reduce memory load on the system
#   Increase physical memory or swap space
#   Check if swap backing store is full
#   Use 64 bit Java on a 64 bit OS
#   Decrease Java heap size (-Xmx/-Xms)
#   Decrease number of Java threads
#   Decrease Java thread stack sizes (-Xss)
#   Set larger code cache with -XX:ReservedCodeCacheSize=
# This output file may be truncated or incomplete.
#
#  Out of Memory Error (os_linux.cpp:2627), pid=16133, tid=0x00007f1bad9f9700
#
# JRE version: Java(TM) SE Runtime Environment (8.0_101-b13) (build 1.8.0_101-b13)
# Java VM: Java HotSpot(TM) 64-Bit Server VM (25.101-b13 mixed mode linux-amd64 compressed oops)
# Failed to write core dump. Core dumps have been disabled. To enable core dumping, try "ulimit -c unlimited" before starting Java again
#

---------------  T H R E A D  ---------------

Current thread (0x00007f1bc4080000):  VMThread [stack: 0x00007f1bad8f9000,0x00007f1bad9fa000] [id=16179]

Stack: [0x00007f1bad8f9000,0x00007f1bad9fa000],  sp=0x00007f1bad9f80a0,  free space=1020k
Native frames: (J=compiled Java code, j=interpreted, Vv=VM code, C=native code)
V  [libjvm.so+0xac3f0a]  VMError::report_and_die()+0x2ba
V  [libjvm.so+0x4fbf9b]  report_vm_out_of_memory(char const*, int, unsigned long, VMErrorType, char const*)+0x8b
V  [libjvm.so+0x9222d3]  os::Linux::commit_memory_impl(char*, unsigned long, bool)+0x103
V  [libjvm.so+0x922829]  os::pd_commit_memory(char*, unsigned long, unsigned long, bool)+0x29
V  [libjvm.so+0x91cb2a]  os::commit_memory(char*, unsigned long, unsigned long, bool)+0x2a
V  [libjvm.so+0x991053]  PSVirtualSpace::expand_by(unsigned long)+0x53
V  [libjvm.so+0x992458]  PSYoungGen::resize_generation(unsigned long, unsigned long)+0xf8
V  [libjvm.so+0x9915b2]  PSYoungGen::resize(unsigned long, unsigned long)+0x22
V  [libjvm.so+0x98e88b]  PSScavenge::invoke_no_policy()+0xf3b
V  [libjvm.so+0x98f011]  PSScavenge::invoke()+0x41
V  [libjvm.so+0x945fc0]  ParallelScavengeHeap::failed_mem_allocate(unsigned long)+0x70
V  [libjvm.so+0xac5927]  VM_ParallelGCFailedAllocation::doit()+0x97
V  [libjvm.so+0xacd405]  VM_Operation::evaluate()+0x55
V  [libjvm.so+0xacb7da]  VMThread::evaluate_operation(VM_Operation*)+0xba
V  [libjvm.so+0xacbb5e]  VMThread::loop()+0x1ce
V  [libjvm.so+0xacbfd0]  VMThread::run()+0x70
V  [libjvm.so+0x924698]  java_start(Thread*)+0x108

VM_Operation (0x00007f1bac20d890): ParallelGCFailedAllocation, mode: safepoint, requested by thread 0x00007f1bc41b9800


---------------  P R O C E S S  ---------------

Java Threads: ( => current thread )
  0x00007f1bc41b9800 JavaThread "pool-1-thread-4" [_thread_blocked, id=16237, stack(0x00007f1bac10f000,0x00007f1bac210000)]
  0x00007f1bc41b7800 JavaThread "pool-1-thread-3" [_thread_blocked, id=16236, stack(0x00007f1bac210000,0x00007f1bac311000)]
  0x00007f1bc41b7000 JavaThread "pool-1-thread-2" [_thread_blocked, id=16235, stack(0x00007f1bac311000,0x00007f1bac412000)]
  0x00007f1bc41b3800 JavaThread "pool-2-thread-1" [_thread_blocked, id=16234, stack(0x00007f1bac412000,0x00007f1bac513000)]
  0x00007f1bc41b1800 JavaThread "pool-1-thread-1" [_thread_blocked, id=16233, stack(0x00007f1bac513000,0x00007f1bac614000)]
  0x00007f1bc40ca800 JavaThread "Service Thread" daemon [_thread_blocked, id=16213, stack(0x00007f1bac715000,0x00007f1bac816000)]
  0x00007f1bc40c7800 JavaThread "C1 CompilerThread3" daemon [_thread_blocked, id=16209, stack(0x00007f1bac816000,0x00007f1bac917000)]
  0x00007f1bc40c5800 JavaThread "C2 CompilerThread2" daemon [_thread_blocked, id=16208, stack(0x00007f1bac917000,0x00007f1baca18000)]
  0x00007f1bc40c4000 JavaThread "C2 CompilerThread1" daemon [_thread_blocked, id=16194, stack(0x00007f1baca18000,0x00007f1bacb19000)]
  0x00007f1bc40c1000 JavaThread "C2 CompilerThread0" daemon [_thread_blocked, id=16192, stack(0x00007f1bacb19000,0x00007f1bacc1a000)]
  0x00007f1bc40bf800 JavaThread "Signal Dispatcher" daemon [_thread_blocked, id=16191, stack(0x00007f1bacc1a000,0x00007f1bacd1b000)]
  0x00007f1bc408c800 JavaThread "Finalizer" daemon [_thread_blocked, id=16189, stack(0x00007f1bad6f7000,0x00007f1bad7f8000)]
  0x00007f1bc4087800 JavaThread "Reference Handler" daemon [_thread_blocked, id=16188, stack(0x00007f1bad7f8000,0x00007f1bad8f9000)]
  0x00007f1bc400a000 JavaThread "main" [_thread_blocked, id=16139, stack(0x00007f1bcd0e4000,0x00007f1bcd1e5000)]

Other Threads:
=>0x00007f1bc4080000 VMThread [stack: 0x00007f1bad8f9000,0x00007f1bad9fa000] [id=16179]
  0x00007f1bc40cd000 WatcherThread [stack: 0x00007f1bac614000,0x00007f1bac715000] [id=16215]

VM state:at safepoint (normal execution)

VM Mutex/Monitor currently owned by a thread:  ([mutex/lock_event])
[0x00007f1bc40064d0] Threads_lock - owner thread: 0x00007f1bc4080000
[0x00007f1bc40069d0] Heap_lock - owner thread: 0x00007f1bc41b9800

Heap:
 PSYoungGen      total 63488K, used 2042K [0x00000000eab00000, 0x00000000eeb00000, 0x0000000100000000)
  eden space 61440K, 0% used [0x00000000eab00000,0x00000000eab00000,0x00000000ee700000)
  from space 2048K, 99% used [0x00000000ee700000,0x00000000ee8fe988,0x00000000ee900000)
  to   space 2048K, 0% used [0x00000000ee900000,0x00000000ee900000,0x00000000eeb00000)
 ParOldGen       total 39936K, used 23176K [0x00000000c0000000, 0x00000000c2700000, 0x00000000eab00000)
  object space 39936K, 58% used [0x00000000c0000000,0x00000000c16a21f8,0x00000000c2700000)
 Metaspace       used 6113K, capacity 7088K, committed 7296K, reserved 1056768K
  class space    used 594K, capacity 616K, committed 640K, reserved 1048576K

Card table byte_map: [0x00007f1bc9c94000,0x00007f1bc9e95000] byte_map_base: 0x00007f1bc9694000

Marking Bits: (ParMarkBitMap*) 0x00007f1bcc5bd120
 Begin Bits: [0x00007f1bae000000, 0x00007f1baf000000)
 End Bits:   [0x00007f1baf000000, 0x00007f1bb0000000)

Polling page: 0x00007f1bcd20c000

CodeCache: size=245760Kb used=6051Kb max_used=6051Kb free=239708Kb
 bounds [0x00007f1bb5000000, 0x00007f1bb55f0000, 0x00007f1bc4000000]
 total_blobs=1851 nmethods=1583 adapters=182
 compilation: enabled

Compilation events (10 events):
Event: 2,941 Thread 0x00007f1bc40c7800 1632       2       com.android.dx.rop.code.Rops::opPutField (97 bytes)
Event: 2,945 Thread 0x00007f1bc40c7800 nmethod 1632 0x00007f1bb55ebb10 code [0x00007f1bb55ebd00, 0x00007f1bb55ec278]
Event: 2,945 Thread 0x00007f1bc40c7800 1601       2       com.android.dx.ssa.SsaMethod::newFromRopMethod (18 bytes)
Event: 2,945 Thread 0x00007f1bc40c7800 nmethod 1601 0x00007f1bb55ec590 code [0x00007f1bb55ec700, 0x00007f1bb55ec8f8]
Event: 2,945 Thread 0x00007f1bc40c7800 1603       2       com.android.dx.ssa.SsaConverter::edgeSplit (13 bytes)
Event: 2,946 Thread 0x00007f1bc40c7800 nmethod 1603 0x00007f1bb55ec9d0 code [0x00007f1bb55ecb40, 0x00007f1bb55ecce8]
Event: 2,946 Thread 0x00007f1bc40c7800 1604       2       com.android.dx.ssa.LocalVariableExtractor::extract (14 bytes)
Event: 2,946 Thread 0x00007f1bc40c7800 nmethod 1604 0x00007f1bb55ecdd0 code [0x00007f1bb55ecf40, 0x00007f1bb55ed118]
Event: 2,946 Thread 0x00007f1bc40c7800 1607       2       com.android.dx.ssa.SsaMethod::setNewRegCount (18 bytes)
Event: 2,946 Thread 0x00007f1bc40c7800 nmethod 1607 0x00007f1bb55ed210 code [0x00007f1bb55ed360, 0x00007f1bb55ed4f0]

GC Heap History (9 events):
Event: 0,350 GC heap before
{Heap before GC invocations=1 (full 0):
 PSYoungGen      total 17408K, used 15360K [0x00000000eab00000, 0x00000000ebe00000, 0x0000000100000000)
  eden space 15360K, 100% used [0x00000000eab00000,0x00000000eba00000,0x00000000eba00000)
  from space 2048K, 0% used [0x00000000ebc00000,0x00000000ebc00000,0x00000000ebe00000)
  to   space 2048K, 0% used [0x00000000eba00000,0x00000000eba00000,0x00000000ebc00000)
 ParOldGen       total 39936K, used 0K [0x00000000c0000000, 0x00000000c2700000, 0x00000000eab00000)
  object space 39936K, 0% used [0x00000000c0000000,0x00000000c0000000,0x00000000c2700000)
 Metaspace       used 3732K, capacity 4944K, committed 5120K, reserved 1056768K
  class space    used 411K, capacity 456K, committed 512K, reserved 1048576K
Event: 0,356 GC heap after
Heap after GC invocations=1 (full 0):
 PSYoungGen      total 17408K, used 1237K [0x00000000eab00000, 0x00000000ecd00000, 0x0000000100000000)
  eden space 15360K, 0% used [0x00000000eab00000,0x00000000eab00000,0x00000000eba00000)
  from space 2048K, 60% used [0x00000000eba00000,0x00000000ebb35608,0x00000000ebc00000)
  to   space 2048K, 0% used [0x00000000ecb00000,0x00000000ecb00000,0x00000000ecd00000)
 ParOldGen       total 39936K, used 0K [0x00000000c0000000, 0x00000000c2700000, 0x00000000eab00000)
  object space 39936K, 0% used [0x00000000c0000000,0x00000000c0000000,0x00000000c2700000)
 Metaspace       used 3732K, capacity 4944K, committed 5120K, reserved 1056768K
  class space    used 411K, capacity 456K, committed 512K, reserved 1048576K
}
Event: 0,901 GC heap before
{Heap before GC invocations=2 (full 0):
 PSYoungGen      total 17408K, used 16597K [0x00000000eab00000, 0x00000000ecd00000, 0x0000000100000000)
  eden space 15360K, 100% used [0x00000000eab00000,0x00000000eba00000,0x00000000eba00000)
  from space 2048K, 60% used [0x00000000eba00000,0x00000000ebb35608,0x00000000ebc00000)
  to   space 2048K, 0% used [0x00000000ecb00000,0x00000000ecb00000,0x00000000ecd00000)
 ParOldGen       total 39936K, used 0K [0x00000000c0000000, 0x00000000c2700000, 0x00000000eab00000)
  object space 39936K, 0% used [0x00000000c0000000,0x00000000c0000000,0x00000000c2700000)
 Metaspace       used 5734K, capacity 6704K, committed 6784K, reserved 1056768K
  class space    used 591K, capacity 616K, committed 640K, reserved 1048576K
Event: 0,943 GC heap after
Heap after GC invocations=2 (full 0):
 PSYoungGen      total 32768K, used 2025K [0x00000000eab00000, 0x00000000ecd00000, 0x0000000100000000)
  eden space 30720K, 0% used [0x00000000eab00000,0x00000000eab00000,0x00000000ec900000)
  from space 2048K, 98% used [0x00000000ecb00000,0x00000000eccfa7a0,0x00000000ecd00000)
  to   space 2048K, 0% used [0x00000000ec900000,0x00000000ec900000,0x00000000ecb00000)
 ParOldGen       total 39936K, used 2836K [0x00000000c0000000, 0x00000000c2700000, 0x00000000eab00000)
  object space 39936K, 7% used [0x00000000c0000000,0x00000000c02c5158,0x00000000c2700000)
 Metaspace       used 5734K, capacity 6704K, committed 6784K, reserved 1056768K
  class space    used 591K, capacity 616K, committed 640K, reserved 1048576K
}
Event: 1,731 GC heap before
{Heap before GC invocations=3 (full 0):
 PSYoungGen      total 32768K, used 32745K [0x00000000eab00000, 0x00000000ecd00000, 0x0000000100000000)
  eden space 30720K, 100% used [0x00000000eab00000,0x00000000ec900000,0x00000000ec900000)
  from space 2048K, 98% used [0x00000000ecb00000,0x00000000eccfa7a0,0x00000000ecd00000)
  to   space 2048K, 0% used [0x00000000ec900000,0x00000000ec900000,0x00000000ecb00000)
 ParOldGen       total 39936K, used 2836K [0x00000000c0000000, 0x00000000c2700000, 0x00000000eab00000)
  object space 39936K, 7% used [0x00000000c0000000,0x00000000c02c5158,0x00000000c2700000)
 Metaspace       used 5989K, capacity 6960K, committed 7040K, reserved 1056768K
  class space    used 593K, capacity 616K, committed 640K, reserved 1048576K
Event: 1,800 GC heap after
Heap after GC invocations=3 (full 0):
 PSYoungGen      total 32768K, used 2018K [0x00000000eab00000, 0x00000000eeb00000, 0x0000000100000000)
  eden space 30720K, 0% used [0x00000000eab00000,0x00000000eab00000,0x00000000ec900000)
  from space 2048K, 98% used [0x00000000ec900000,0x00000000ecaf8bd8,0x00000000ecb00000)
  to   space 2048K, 0% used [0x00000000ee900000,0x00000000ee900000,0x00000000eeb00000)
 ParOldGen       total 39936K, used 7718K [0x00000000c0000000, 0x00000000c2700000, 0x00000000eab00000)
  object space 39936K, 19% used [0x00000000c0000000,0x00000000c0789880,0x00000000c2700000)
 Metaspace       used 5989K, capacity 6960K, committed 7040K, reserved 1056768K
  class space    used 593K, capacity 616K, committed 640K, reserved 1048576K
}
Event: 2,027 GC heap before
{Heap before GC invocations=4 (full 0):
 PSYoungGen      total 32768K, used 32738K [0x00000000eab00000, 0x00000000eeb00000, 0x0000000100000000)
  eden space 30720K, 100% used [0x00000000eab00000,0x00000000ec900000,0x00000000ec900000)
  from space 2048K, 98% used [0x00000000ec900000,0x00000000ecaf8bd8,0x00000000ecb00000)
  to   space 2048K, 0% used [0x00000000ee900000,0x00000000ee900000,0x00000000eeb00000)
 ParOldGen       total 39936K, used 7718K [0x00000000c0000000, 0x00000000c2700000, 0x00000000eab00000)
  object space 39936K, 19% used [0x00000000c0000000,0x00000000c0789880,0x00000000c2700000)
 Metaspace       used 6035K, capacity 7024K, committed 7296K, reserved 1056768K
  class space    used 594K, capacity 616K, committed 640K, reserved 1048576K
Event: 2,557 GC heap after
Heap after GC invocations=4 (full 0):
 PSYoungGen      total 63488K, used 2030K [0x00000000eab00000, 0x00000000eeb00000, 0x0000000100000000)
  eden space 61440K, 0% used [0x00000000eab00000,0x00000000eab00000,0x00000000ee700000)
  from space 2048K, 99% used [0x00000000ee900000,0x00000000eeafb8b8,0x00000000eeb00000)
  to   space 2048K, 0% used [0x00000000ee700000,0x00000000ee700000,0x00000000ee900000)
 ParOldGen       total 39936K, used 13340K [0x00000000c0000000, 0x00000000c2700000, 0x00000000eab00000)
  object space 39936K, 33% used [0x00000000c0000000,0x00000000c0d072f0,0x00000000c2700000)
 Metaspace       used 6035K, capacity 7024K, committed 7296K, reserved 1056768K
  class space    used 594K, capacity 616K, committed 640K, reserved 1048576K
}
Event: 2,992 GC heap before
{Heap before GC invocations=5 (full 0):
 PSYoungGen      total 63488K, used 63470K [0x00000000eab00000, 0x00000000eeb00000, 0x0000000100000000)
  eden space 61440K, 100% used [0x00000000eab00000,0x00000000ee700000,0x00000000ee700000)
  from space 2048K, 99% used [0x00000000ee900000,0x00000000eeafb8b8,0x00000000eeb00000)
  to   space 2048K, 0% used [0x00000000ee700000,0x00000000ee700000,0x00000000ee900000)
 ParOldGen       total 39936K, used 13340K [0x00000000c0000000, 0x00000000c2700000, 0x00000000eab00000)
  object space 39936K, 33% used [0x00000000c0000000,0x00000000c0d072f0,0x00000000c2700000)
 Metaspace       used 6113K, capacity 7088K, committed 7296K, reserved 1056768K
  class space    used 594K, capacity 616K, committed 640K, reserved 1048576K

Deoptimization events (10 events):
Event: 1,924 Thread 0x00007f1bc41b7000 Uncommon trap: reason=bimorphic action=maybe_recompile pc=0x00007f1bb54fb22c method=com.android.dx.cf.code.BytecodeArray.parseInstruction(ILcom/android/dx/cf/code/BytecodeArray$Visitor;)I @ 907
Event: 1,924 Thread 0x00007f1bc41b7000 Uncommon trap: reason=bimorphic action=maybe_recompile pc=0x00007f1bb54fb87c method=com.android.dx.cf.code.BytecodeArray.parseInstruction(ILcom/android/dx/cf/code/BytecodeArray$Visitor;)I @ 1224
Event: 1,924 Thread 0x00007f1bc41b7000 Uncommon trap: reason=bimorphic action=maybe_recompile pc=0x00007f1bb54fb2b0 method=com.android.dx.cf.code.BytecodeArray.parseInstruction(ILcom/android/dx/cf/code/BytecodeArray$Visitor;)I @ 923
Event: 1,926 Thread 0x00007f1bc41b7000 Uncommon trap: reason=bimorphic action=maybe_recompile pc=0x00007f1bb523e9a8 method=java.util.HashMap.getNode(ILjava/lang/Object;)Ljava/util/HashMap$Node; @ 126
Event: 1,926 Thread 0x00007f1bc41b7000 Uncommon trap: reason=class_check action=maybe_recompile pc=0x00007f1bb53acf28 method=java.util.HashMap.putVal(ILjava/lang/Object;Ljava/lang/Object;ZZ)Ljava/lang/Object; @ 203
Event: 1,926 Thread 0x00007f1bc41b7000 Uncommon trap: reason=bimorphic action=maybe_recompile pc=0x00007f1bb523e9a8 method=java.util.HashMap.getNode(ILjava/lang/Object;)Ljava/util/HashMap$Node; @ 126
Event: 1,926 Thread 0x00007f1bc41b7000 Uncommon trap: reason=class_check action=maybe_recompile pc=0x00007f1bb53acf28 method=java.util.HashMap.putVal(ILjava/lang/Object;Ljava/lang/Object;ZZ)Ljava/lang/Object; @ 203
Event: 1,927 Thread 0x00007f1bc41b7000 Uncommon trap: reason=bimorphic action=maybe_recompile pc=0x00007f1bb523e9a8 method=java.util.HashMap.getNode(ILjava/lang/Object;)Ljava/util/HashMap$Node; @ 126
Event: 1,927 Thread 0x00007f1bc41b7000 Uncommon trap: reason=bimorphic action=maybe_recompile pc=0x00007f1bb523e9a8 method=java.util.HashMap.getNode(ILjava/lang/Object;)Ljava/util/HashMap$Node; @ 126
Event: 1,927 Thread 0x00007f1bc41b7000 Uncommon trap: reason=class_check action=maybe_recompile pc=0x00007f1bb53acf28 method=java.util.HashMap.putVal(ILjava/lang/Object;Ljava/lang/Object;ZZ)Ljava/lang/Object; @ 203

Internal exceptions (4 events):
Event: 0,058 Thread 0x00007f1bc400a000 Exception <a 'java/lang/NoSuchMethodError': Method sun.misc.Unsafe.defineClass(Ljava/lang/String;[BII)Ljava/lang/Class; name or signature does not match> (0x00000000eab07cc0) thrown at [/HUDSON3/workspace/8-2-build-linux-amd64/jdk8u101/7261/hotspot/src/sh
Event: 0,058 Thread 0x00007f1bc400a000 Exception <a 'java/lang/NoSuchMethodError': Method sun.misc.Unsafe.prefetchRead(Ljava/lang/Object;J)V name or signature does not match> (0x00000000eab07fa8) thrown at [/HUDSON3/workspace/8-2-build-linux-amd64/jdk8u101/7261/hotspot/src/share/vm/prims/jni.c
Event: 1,380 Thread 0x00007f1bc400a000 Implicit null exception at 0x00007f1bb52caaac to 0x00007f1bb52cd96d
Event: 1,491 Thread 0x00007f1bc41b7000 Implicit null exception at 0x00007f1bb52bb6e2 to 0x00007f1bb52bb7e5

Events (10 events):
Event: 2,863 Thread 0x00007f1bc41b7800 DEOPT UNPACKING pc=0x00007f1bb5047633 sp=0x00007f1bac30eee0 mode 0
Event: 2,893 Thread 0x00007f1bc41b7000 DEOPT PACKING pc=0x00007f1bb52a19b8 sp=0x00007f1bac410020
Event: 2,893 Thread 0x00007f1bc41b7000 DEOPT UNPACKING pc=0x00007f1bb5047633 sp=0x00007f1bac40fe20 mode 0
Event: 2,910 Thread 0x00007f1bc41b9800 DEOPT PACKING pc=0x00007f1bb52a19b8 sp=0x00007f1bac20dd90
Event: 2,910 Thread 0x00007f1bc41b9800 DEOPT UNPACKING pc=0x00007f1bb5047633 sp=0x00007f1bac20db90 mode 0
Event: 2,924 Thread 0x00007f1bc41b1800 DEOPT PACKING pc=0x00007f1bb52a19b8 sp=0x00007f1bac611b90
Event: 2,924 Thread 0x00007f1bc41b1800 DEOPT UNPACKING pc=0x00007f1bb5047633 sp=0x00007f1bac611990 mode 0
Event: 2,930 Thread 0x00007f1bc41b9800 DEOPT PACKING pc=0x00007f1bb535b17c sp=0x00007f1bac20dfe0
Event: 2,930 Thread 0x00007f1bc41b9800 DEOPT UNPACKING pc=0x00007f1bb5047633 sp=0x00007f1bac20dd18 mode 0
Event: 2,947 Executing VM operation: ParallelGCFailedAllocation


Dynamic libraries:
00400000-00401000 r-xp 00000000 08:01 6952765                            /usr/lib/jvm/java-8-oracle/bin/java
00600000-00601000 rw-p 00000000 08:01 6952765                            /usr/lib/jvm/java-8-oracle/bin/java
0064d000-0066e000 rw-p 00000000 00:00 0                                  [heap]
c0000000-c2700000 rw-p 00000000 00:00 0 
c2700000-eab00000 ---p 00000000 00:00 0 
eab00000-eeb00000 rw-p 00000000 00:00 0 
f3f00000-100000000 ---p 00000000 00:00 0 
100000000-1000a0000 rw-p 00000000 00:00 0 
1000a0000-140000000 ---p 00000000 00:00 0 
7f1b48000000-7f1b48021000 rw-p 00000000 00:00 0 
7f1b48021000-7f1b4c000000 ---p 00000000 00:00 0 
7f1b50000000-7f1b50022000 rw-p 00000000 00:00 0 
7f1b50022000-7f1b54000000 ---p 00000000 00:00 0 
7f1b54000000-7f1b5402e000 rw-p 00000000 00:00 0 
7f1b5402e000-7f1b58000000 ---p 00000000 00:00 0 
7f1b58000000-7f1b5802f000 rw-p 00000000 00:00 0 
7f1b5802f000-7f1b5c000000 ---p 00000000 00:00 0 
7f1b5c000000-7f1b5c021000 rw-p 00000000 00:00 0 
7f1b5c021000-7f1b60000000 ---p 00000000 00:00 0 
7f1b60000000-7f1b60021000 rw-p 00000000 00:00 0 
7f1b60021000-7f1b64000000 ---p 00000000 00:00 0 
7f1b64000000-7f1b64021000 rw-p 00000000 00:00 0 
7f1b64021000-7f1b68000000 ---p 00000000 00:00 0 
7f1b68000000-7f1b687c9000 rw-p 00000000 00:00 0 
7f1b687c9000-7f1b6c000000 ---p 00000000 00:00 0 
7f1b6c000000-7f1b6c69d000 rw-p 00000000 00:00 0 
7f1b6c69d000-7f1b70000000 ---p 00000000 00:00 0 
7f1b70000000-7f1b709cd000 rw-p 00000000 00:00 0 
7f1b709cd000-7f1b74000000 ---p 00000000 00:00 0 
7f1b74000000-7f1b74845000 rw-p 00000000 00:00 0 
7f1b74845000-7f1b78000000 ---p 00000000 00:00 0 
7f1b78000000-7f1b78021000 rw-p 00000000 00:00 0 
7f1b78021000-7f1b7c000000 ---p 00000000 00:00 0 
7f1b7c000000-7f1b7c021000 rw-p 00000000 00:00 0 
7f1b7c021000-7f1b80000000 ---p 00000000 00:00 0 
7f1b80000000-7f1b80291000 rw-p 00000000 00:00 0 
7f1b80291000-7f1b84000000 ---p 00000000 00:00 0 
7f1b84000000-7f1b84021000 rw-p 00000000 00:00 0 
7f1b84021000-7f1b88000000 ---p 00000000 00:00 0 
7f1b88000000-7f1b88021000 rw-p 00000000 00:00 0 
7f1b88021000-7f1b8c000000 ---p 00000000 00:00 0 
7f1b90000000-7f1b90021000 rw-p 00000000 00:00 0 
7f1b90021000-7f1b94000000 ---p 00000000 00:00 0 
7f1b94000000-7f1b94021000 rw-p 00000000 00:00 0 
7f1b94021000-7f1b98000000 ---p 00000000 00:00 0 
7f1b98000000-7f1b98021000 rw-p 00000000 00:00 0 
7f1b98021000-7f1b9c000000 ---p 00000000 00:00 0 
7f1ba0000000-7f1ba0021000 rw-p 00000000 00:00 0 
7f1ba0021000-7f1ba4000000 ---p 00000000 00:00 0 
7f1ba4000000-7f1ba4021000 rw-p 00000000 00:00 0 
7f1ba4021000-7f1ba8000000 ---p 00000000 00:00 0 
7f1ba8000000-7f1ba8021000 rw-p 00000000 00:00 0 
7f1ba8021000-7f1bac000000 ---p 00000000 00:00 0 
7f1bac10f000-7f1bac112000 ---p 00000000 00:00 0 
7f1bac112000-7f1bac210000 rw-p 00000000 00:00 0 
7f1bac210000-7f1bac213000 ---p 00000000 00:00 0 
7f1bac213000-7f1bac311000 rw-p 00000000 00:00 0 
7f1bac311000-7f1bac314000 ---p 00000000 00:00 0 
7f1bac314000-7f1bac412000 rw-p 00000000 00:00 0 
7f1bac412000-7f1bac415000 ---p 00000000 00:00 0 
7f1bac415000-7f1bac513000 rw-p 00000000 00:00 0 
7f1bac513000-7f1bac516000 ---p 00000000 00:00 0 
7f1bac516000-7f1bac614000 rw-p 00000000 00:00 0 
7f1bac614000-7f1bac615000 ---p 00000000 00:00 0 
7f1bac615000-7f1bac715000 rw-p 00000000 00:00 0 
7f1bac715000-7f1bac718000 ---p 00000000 00:00 0 
7f1bac718000-7f1bac816000 rw-p 00000000 00:00 0 
7f1bac816000-7f1bac819000 ---p 00000000 00:00 0 
7f1bac819000-7f1bac917000 rw-p 00000000 00:00 0 
7f1bac917000-7f1bac91a000 ---p 00000000 00:00 0 
7f1bac91a000-7f1baca18000 rw-p 00000000 00:00 0 
7f1baca18000-7f1baca1b000 ---p 00000000 00:00 0 
7f1baca1b000-7f1bacb19000 rw-p 00000000 00:00 0 
7f1bacb19000-7f1bacb1c000 ---p 00000000 00:00 0 
7f1bacb1c000-7f1bacc1a000 rw-p 00000000 00:00 0 
7f1bacc1a000-7f1bacc1d000 ---p 00000000 00:00 0 
7f1bacc1d000-7f1bacd1b000 rw-p 00000000 00:00 0 
7f1bacd1b000-7f1bad6f7000 r--p 00000000 08:01 6823137                    /usr/lib/locale/locale-archive
7f1bad6f7000-7f1bad6fa000 ---p 00000000 00:00 0 
7f1bad6fa000-7f1bad7f8000 rw-p 00000000 00:00 0 
7f1bad7f8000-7f1bad7fb000 ---p 00000000 00:00 0 
7f1bad7fb000-7f1bad8f9000 rw-p 00000000 00:00 0 
7f1bad8f9000-7f1bad8fa000 ---p 00000000 00:00 0 
7f1bad8fa000-7f1bb0000000 rw-p 00000000 00:00 0 
7f1bb0000000-7f1bb0021000 rw-p 00000000 00:00 0 
7f1bb0021000-7f1bb4000000 ---p 00000000 00:00 0 
7f1bb4053000-7f1bb4078000 r--p 00000000 08:01 6818783                    /usr/share/locale-langpack/cs/LC_MESSAGES/libc.mo
7f1bb4078000-7f1bb408e000 r--s 000f1000 08:01 2493981                    /home/vojta/Projekty_android/APKMirror/app/build/intermediates/exploded-aar/com.android.support/support-v4/23.4.0/jars/classes.jar
7f1bb408e000-7f1bb5000000 rw-p 00000000 00:00 0 
7f1bb5000000-7f1bb55f0000 rwxp 00000000 00:00 0 
7f1bb55f0000-7f1bc4000000 ---p 00000000 00:00 0 
7f1bc4000000-7f1bc43b0000 rw-p 00000000 00:00 0 
7f1bc43b0000-7f1bc8000000 ---p 00000000 00:00 0 
7f1bc8006000-7f1bc800d000 r--s 00000000 08:01 2500                       /usr/lib/x86_64-linux-gnu/gconv/gconv-modules.cache
7f1bc800d000-7f1bc801b000 r--s 000e0000 08:01 2753427                    /home/vojta/Android/Sdk/build-tools/24.0.1/lib/dx.jar
7f1bc801b000-7f1bc86e7000 rw-p 00000000 00:00 0 
7f1bc86e7000-7f1bc88c0000 r--s 03d29000 08:01 6954635                    /usr/lib/jvm/java-8-oracle/jre/lib/rt.jar
7f1bc88c0000-7f1bc8fb6000 rw-p 00000000 00:00 0 
7f1bc8fb6000-7f1bc9136000 ---p 00000000 00:00 0 
7f1bc9136000-7f1bc9336000 rw-p 00000000 00:00 0 
7f1bc9336000-7f1bc9337000 ---p 00000000 00:00 0 
7f1bc9337000-7f1bc9437000 rw-p 00000000 00:00 0 
7f1bc9437000-7f1bc9438000 ---p 00000000 00:00 0 
7f1bc9438000-7f1bc9538000 rw-p 00000000 00:00 0 
7f1bc9538000-7f1bc9539000 ---p 00000000 00:00 0 
7f1bc9539000-7f1bc9639000 rw-p 00000000 00:00 0 
7f1bc9639000-7f1bc963a000 ---p 00000000 00:00 0 
7f1bc963a000-7f1bc973a000 rw-p 00000000 00:00 0 
7f1bc973a000-7f1bc973b000 ---p 00000000 00:00 0 
7f1bc973b000-7f1bc983b000 rw-p 00000000 00:00 0 
7f1bc983b000-7f1bc983c000 ---p 00000000 00:00 0 
7f1bc983c000-7f1bc993c000 rw-p 00000000 00:00 0 
7f1bc993c000-7f1bc993d000 ---p 00000000 00:00 0 
7f1bc993d000-7f1bc9a3d000 rw-p 00000000 00:00 0 
7f1bc9a3d000-7f1bc9a3e000 ---p 00000000 00:00 0 
7f1bc9a3e000-7f1bc9b52000 rw-p 00000000 00:00 0 
7f1bc9b52000-7f1bc9c94000 ---p 00000000 00:00 0 
7f1bc9c94000-7f1bc9ca8000 rw-p 00000000 00:00 0 
7f1bc9ca8000-7f1bc9de9000 ---p 00000000 00:00 0 
7f1bc9de9000-7f1bc9e0a000 rw-p 00000000 00:00 0 
7f1bc9e0a000-7f1bc9e94000 ---p 00000000 00:00 0 
7f1bc9e94000-7f1bc9ead000 rw-p 00000000 00:00 0 
7f1bc9ead000-7f1bca255000 ---p 00000000 00:00 0 
7f1bca255000-7f1bca26f000 r-xp 00000000 08:01 6239                       /usr/lib/jvm/java-8-oracle/jre/lib/amd64/libzip.so
7f1bca26f000-7f1bca46f000 ---p 0001a000 08:01 6239                       /usr/lib/jvm/java-8-oracle/jre/lib/amd64/libzip.so
7f1bca46f000-7f1bca470000 rw-p 0001a000 08:01 6239                       /usr/lib/jvm/java-8-oracle/jre/lib/amd64/libzip.so
7f1bca470000-7f1bca47b000 r-xp 00000000 08:01 5247692                    /lib/x86_64-linux-gnu/libnss_files-2.23.so
7f1bca47b000-7f1bca67a000 ---p 0000b000 08:01 5247692                    /lib/x86_64-linux-gnu/libnss_files-2.23.so
7f1bca67a000-7f1bca67b000 r--p 0000a000 08:01 5247692                    /lib/x86_64-linux-gnu/libnss_files-2.23.so
7f1bca67b000-7f1bca67c000 rw-p 0000b000 08:01 5247692                    /lib/x86_64-linux-gnu/libnss_files-2.23.so
7f1bca67c000-7f1bca682000 rw-p 00000000 00:00 0 
7f1bca682000-7f1bca68d000 r-xp 00000000 08:01 5247702                    /lib/x86_64-linux-gnu/libnss_nis-2.23.so
7f1bca68d000-7f1bca88c000 ---p 0000b000 08:01 5247702                    /lib/x86_64-linux-gnu/libnss_nis-2.23.so
7f1bca88c000-7f1bca88d000 r--p 0000a000 08:01 5247702                    /lib/x86_64-linux-gnu/libnss_nis-2.23.so
7f1bca88d000-7f1bca88e000 rw-p 0000b000 08:01 5247702                    /lib/x86_64-linux-gnu/libnss_nis-2.23.so
7f1bca88e000-7f1bca8a4000 r-xp 00000000 08:01 5247686                    /lib/x86_64-linux-gnu/libnsl-2.23.so
7f1bca8a4000-7f1bcaaa3000 ---p 00016000 08:01 5247686                    /lib/x86_64-linux-gnu/libnsl-2.23.so
7f1bcaaa3000-7f1bcaaa4000 r--p 00015000 08:01 5247686                    /lib/x86_64-linux-gnu/libnsl-2.23.so
7f1bcaaa4000-7f1bcaaa5000 rw-p 00016000 08:01 5247686                    /lib/x86_64-linux-gnu/libnsl-2.23.so
7f1bcaaa5000-7f1bcaaa7000 rw-p 00000000 00:00 0 
7f1bcaaa7000-7f1bcaaaf000 r-xp 00000000 08:01 5247688                    /lib/x86_64-linux-gnu/libnss_compat-2.23.so
7f1bcaaaf000-7f1bcacae000 ---p 00008000 08:01 5247688                    /lib/x86_64-linux-gnu/libnss_compat-2.23.so
7f1bcacae000-7f1bcacaf000 r--p 00007000 08:01 5247688                    /lib/x86_64-linux-gnu/libnss_compat-2.23.so
7f1bcacaf000-7f1bcacb0000 rw-p 00008000 08:01 5247688                    /lib/x86_64-linux-gnu/libnss_compat-2.23.so
7f1bcacb0000-7f1bcacda000 r-xp 00000000 08:01 6265                       /usr/lib/jvm/java-8-oracle/jre/lib/amd64/libjava.so
7f1bcacda000-7f1bcaeda000 ---p 0002a000 08:01 6265                       /usr/lib/jvm/java-8-oracle/jre/lib/amd64/libjava.so
7f1bcaeda000-7f1bcaedc000 rw-p 0002a000 08:01 6265                       /usr/lib/jvm/java-8-oracle/jre/lib/amd64/libjava.so
7f1bcaedc000-7f1bcaee9000 r-xp 00000000 08:01 6219                       /usr/lib/jvm/java-8-oracle/jre/lib/amd64/libverify.so
7f1bcaee9000-7f1bcb0e9000 ---p 0000d000 08:01 6219                       /usr/lib/jvm/java-8-oracle/jre/lib/amd64/libverify.so
7f1bcb0e9000-7f1bcb0eb000 rw-p 0000d000 08:01 6219                       /usr/lib/jvm/java-8-oracle/jre/lib/amd64/libverify.so
7f1bcb0eb000-7f1bcb0f2000 r-xp 00000000 08:01 5247747                    /lib/x86_64-linux-gnu/librt-2.23.so
7f1bcb0f2000-7f1bcb2f1000 ---p 00007000 08:01 5247747                    /lib/x86_64-linux-gnu/librt-2.23.so
7f1bcb2f1000-7f1bcb2f2000 r--p 00006000 08:01 5247747                    /lib/x86_64-linux-gnu/librt-2.23.so
7f1bcb2f2000-7f1bcb2f3000 rw-p 00007000 08:01 5247747                    /lib/x86_64-linux-gnu/librt-2.23.so
7f1bcb2f3000-7f1bcb3fb000 r-xp 00000000 08:01 5247663                    /lib/x86_64-linux-gnu/libm-2.23.so
7f1bcb3fb000-7f1bcb5fa000 ---p 00108000 08:01 5247663                    /lib/x86_64-linux-gnu/libm-2.23.so
7f1bcb5fa000-7f1bcb5fb000 r--p 00107000 08:01 5247663                    /lib/x86_64-linux-gnu/libm-2.23.so
7f1bcb5fb000-7f1bcb5fc000 rw-p 00108000 08:01 5247663                    /lib/x86_64-linux-gnu/libm-2.23.so
7f1bcb5fc000-7f1bcc2c7000 r-xp 00000000 08:01 6269                       /usr/lib/jvm/java-8-oracle/jre/lib/amd64/server/libjvm.so
7f1bcc2c7000-7f1bcc4c6000 ---p 00ccb000 08:01 6269                       /usr/lib/jvm/java-8-oracle/jre/lib/amd64/server/libjvm.so
7f1bcc4c6000-7f1bcc59f000 rw-p 00cca000 08:01 6269                       /usr/lib/jvm/java-8-oracle/jre/lib/amd64/server/libjvm.so
7f1bcc59f000-7f1bcc5ea000 rw-p 00000000 00:00 0 
7f1bcc5ea000-7f1bcc7aa000 r-xp 00000000 08:01 5247593                    /lib/x86_64-linux-gnu/libc-2.23.so
7f1bcc7aa000-7f1bcc9a9000 ---p 001c0000 08:01 5247593                    /lib/x86_64-linux-gnu/libc-2.23.so
7f1bcc9a9000-7f1bcc9ad000 r--p 001bf000 08:01 5247593                    /lib/x86_64-linux-gnu/libc-2.23.so
7f1bcc9ad000-7f1bcc9af000 rw-p 001c3000 08:01 5247593                    /lib/x86_64-linux-gnu/libc-2.23.so
7f1bcc9af000-7f1bcc9b3000 rw-p 00000000 00:00 0 
7f1bcc9b3000-7f1bcc9b6000 r-xp 00000000 08:01 5247617                    /lib/x86_64-linux-gnu/libdl-2.23.so
7f1bcc9b6000-7f1bccbb5000 ---p 00003000 08:01 5247617                    /lib/x86_64-linux-gnu/libdl-2.23.so
7f1bccbb5000-7f1bccbb6000 r--p 00002000 08:01 5247617                    /lib/x86_64-linux-gnu/libdl-2.23.so
7f1bccbb6000-7f1bccbb7000 rw-p 00003000 08:01 5247617                    /lib/x86_64-linux-gnu/libdl-2.23.so
7f1bccbb7000-7f1bccbcc000 r-xp 00000000 08:01 6832302                    /usr/lib/jvm/java-8-oracle/lib/amd64/jli/libjli.so
7f1bccbcc000-7f1bccdcc000 ---p 00015000 08:01 6832302                    /usr/lib/jvm/java-8-oracle/lib/amd64/jli/libjli.so
7f1bccdcc000-7f1bccdcd000 rw-p 00015000 08:01 6832302                    /usr/lib/jvm/java-8-oracle/lib/amd64/jli/libjli.so
7f1bccdcd000-7f1bccde5000 r-xp 00000000 08:01 5247739                    /lib/x86_64-linux-gnu/libpthread-2.23.so
7f1bccde5000-7f1bccfe4000 ---p 00018000 08:01 5247739                    /lib/x86_64-linux-gnu/libpthread-2.23.so
7f1bccfe4000-7f1bccfe5000 r--p 00017000 08:01 5247739                    /lib/x86_64-linux-gnu/libpthread-2.23.so
7f1bccfe5000-7f1bccfe6000 rw-p 00018000 08:01 5247739                    /lib/x86_64-linux-gnu/libpthread-2.23.so
7f1bccfe6000-7f1bccfea000 rw-p 00000000 00:00 0 
7f1bccfea000-7f1bcd010000 r-xp 00000000 08:01 5247565                    /lib/x86_64-linux-gnu/ld-2.23.so
7f1bcd012000-7f1bcd0e4000 rw-p 00000000 00:00 0 
7f1bcd0e4000-7f1bcd0e7000 ---p 00000000 00:00 0 
7f1bcd0e7000-7f1bcd1e9000 rw-p 00000000 00:00 0 
7f1bcd1ef000-7f1bcd203000 rw-p 00000000 00:00 0 
7f1bcd203000-7f1bcd20b000 rw-s 00000000 08:01 6685489                    /tmp/hsperfdata_vojta/16133
7f1bcd20b000-7f1bcd20c000 rw-p 00000000 00:00 0 
7f1bcd20c000-7f1bcd20d000 ---p 00000000 00:00 0 
7f1bcd20d000-7f1bcd20f000 rw-p 00000000 00:00 0 
7f1bcd20f000-7f1bcd210000 r--p 00025000 08:01 5247565                    /lib/x86_64-linux-gnu/ld-2.23.so
7f1bcd210000-7f1bcd211000 rw-p 00026000 08:01 5247565                    /lib/x86_64-linux-gnu/ld-2.23.so
7f1bcd211000-7f1bcd212000 rw-p 00000000 00:00 0 
7ffd13dde000-7ffd13dff000 rw-p 00000000 00:00 0                          [stack]
7ffd13e5d000-7ffd13e5f000 r--p 00000000 00:00 0                          [vvar]
7ffd13e5f000-7ffd13e61000 r-xp 00000000 00:00 0                          [vdso]
ffffffffff600000-ffffffffff601000 r-xp 00000000 00:00 0                  [vsyscall]

VM Arguments:
jvm_args: -Djava.awt.headless=true -Xmx1024M -Dfile.encoding=UTF-8 -Duser.country=CZ -Duser.language=cs -Duser.variant 
java_command: com.android.dx.command.Main --dex --num-threads=4 --output /home/vojta/Projekty_android/APKMirror/app/build/intermediates/pre-dexed/release/com.android.support-support-v4-23.4.0_8b2d6e45fcb0b1f6f51a153e9ed7c7a8fd289da0.jar /home/vojta/Projekty_android/APKMirror/app/build/intermediates/exploded-aar/com.android.support/support-v4/23.4.0/jars/classes.jar
java_class_path (initial): /home/vojta/Android/Sdk/build-tools/24.0.1/lib/dx.jar
Launcher Type: SUN_STANDARD

Environment Variables:
PATH=/usr/local/sbin:/usr/local/bin:/usr/sbin:/usr/bin:/sbin:/bin:/usr/games:/usr/local/games:/snap/bin
LD_LIBRARY_PATH=/home/vojta/Aplikace/android-studio/bin:
SHELL=/bin/bash
DISPLAY=:0

Signal Handlers:
SIGSEGV: [libjvm.so+0xac4790], sa_mask[0]=11111111011111111101111111111110, sa_flags=SA_RESTART|SA_SIGINFO
SIGBUS: [libjvm.so+0xac4790], sa_mask[0]=11111111011111111101111111111110, sa_flags=SA_RESTART|SA_SIGINFO
SIGFPE: [libjvm.so+0x91f140], sa_mask[0]=11111111011111111101111111111110, sa_flags=SA_RESTART|SA_SIGINFO
SIGPIPE: [libjvm.so+0x91f140], sa_mask[0]=11111111011111111101111111111110, sa_flags=SA_RESTART|SA_SIGINFO
SIGXFSZ: [libjvm.so+0x91f140], sa_mask[0]=11111111011111111101111111111110, sa_flags=SA_RESTART|SA_SIGINFO
SIGILL: [libjvm.so+0x91f140], sa_mask[0]=11111111011111111101111111111110, sa_flags=SA_RESTART|SA_SIGINFO
SIGUSR1: SIG_DFL, sa_mask[0]=00000000000000000000000000000000, sa_flags=none
SIGUSR2: [libjvm.so+0x920770], sa_mask[0]=00100000000000000000000000000000, sa_flags=SA_RESTART|SA_SIGINFO
SIGHUP: [libjvm.so+0x921b70], sa_mask[0]=11111111011111111101111111111110, sa_flags=SA_RESTART|SA_SIGINFO
SIGINT: [libjvm.so+0x921b70], sa_mask[0]=11111111011111111101111111111110, sa_flags=SA_RESTART|SA_SIGINFO
SIGTERM: [libjvm.so+0x921b70], sa_mask[0]=11111111011111111101111111111110, sa_flags=SA_RESTART|SA_SIGINFO
SIGQUIT: [libjvm.so+0x921b70], sa_mask[0]=11111111011111111101111111111110, sa_flags=SA_RESTART|SA_SIGINFO


---------------  S Y S T E M  ---------------

OS:DISTRIB_ID=Ubuntu
DISTRIB_RELEASE=16.04
DISTRIB_CODENAME=xenial
DISTRIB_DESCRIPTION="Ubuntu 16.04.1 LTS"

uname:Linux 4.4.0-36-generic #55-Ubuntu SMP Thu Aug 11 18:01:55 UTC 2016 x86_64
libc:glibc 2.23 NPTL 2.23 
rlimit: STACK 8192k, CORE 0k, NPROC 14419, NOFILE 65536, AS infinity
load average:6,49 8,02 4,57

/proc/meminfo:
MemTotal:        3730064 kB
MemFree:          103648 kB
MemAvailable:      18884 kB
Buffers:             600 kB
Cached:           332464 kB
SwapCached:         4988 kB
Active:          2685904 kB
Inactive:         730340 kB
Active(anon):    2671128 kB
Inactive(anon):   721760 kB
Active(file):      14776 kB
Inactive(file):     8580 kB
Unevictable:          64 kB
Mlocked:              64 kB
SwapTotal:       3871740 kB
SwapFree:              0 kB
Dirty:                40 kB
Writeback:             0 kB
AnonPages:       3081244 kB
Mapped:            73540 kB
Shmem:            307316 kB
Slab:              93356 kB
SReclaimable:      41940 kB
SUnreclaim:        51416 kB
KernelStack:       14816 kB
PageTables:        56724 kB
NFS_Unstable:          0 kB
Bounce:                0 kB
WritebackTmp:          0 kB
CommitLimit:     5736772 kB
Committed_AS:   13319368 kB
VmallocTotal:   34359738367 kB
VmallocUsed:           0 kB
VmallocChunk:          0 kB
HardwareCorrupted:     0 kB
AnonHugePages:    966656 kB
CmaTotal:              0 kB
CmaFree:               0 kB
HugePages_Total:       0
HugePages_Free:        0
HugePages_Rsvd:        0
HugePages_Surp:        0
Hugepagesize:       2048 kB
DirectMap4k:      153140 kB
DirectMap2M:     3721216 kB


CPU:total 8 (4 cores per cpu, 2 threads per core) family 6 model 58 stepping 9, cmov, cx8, fxsr, mmx, sse, sse2, sse3, ssse3, sse4.1, sse4.2, popcnt, avx, aes, clmul, erms, ht, tsc, tscinvbit, tscinv

/proc/cpuinfo:
processor	: 0
vendor_id	: GenuineIntel
cpu family	: 6
model		: 58
model name	: Intel(R) Core(TM) i7-3770 CPU @ 3.40GHz
stepping	: 9
microcode	: 0x1c
cpu MHz		: 3700.023
cache size	: 8192 KB
physical id	: 0
siblings	: 8
core id		: 0
cpu cores	: 4
apicid		: 0
initial apicid	: 0
fpu		: yes
fpu_exception	: yes
cpuid level	: 13
wp		: yes
flags		: fpu vme de pse tsc msr pae mce cx8 apic sep mtrr pge mca cmov pat pse36 clflush dts acpi mmx fxsr sse sse2 ss ht tm pbe syscall nx rdtscp lm constant_tsc arch_perfmon pebs bts rep_good nopl xtopology nonstop_tsc aperfmperf eagerfpu pni pclmulqdq dtes64 monitor ds_cpl vmx smx est tm2 ssse3 cx16 xtpr pdcm pcid sse4_1 sse4_2 x2apic popcnt tsc_deadline_timer aes xsave avx f16c rdrand lahf_lm epb tpr_shadow vnmi flexpriority ept vpid fsgsbase smep erms xsaveopt dtherm ida arat pln pts
bugs		:
bogomips	: 6784.38
clflush size	: 64
cache_alignment	: 64
address sizes	: 36 bits physical, 48 bits virtual
power management:

processor	: 1
vendor_id	: GenuineIntel
cpu family	: 6
model		: 58
model name	: Intel(R) Core(TM) i7-3770 CPU @ 3.40GHz
stepping	: 9
microcode	: 0x1c
cpu MHz		: 3699.890
cache size	: 8192 KB
physical id	: 0
siblings	: 8
core id		: 1
cpu cores	: 4
apicid		: 2
initial apicid	: 2
fpu		: yes
fpu_exception	: yes
cpuid level	: 13
wp		: yes
flags		: fpu vme de pse tsc msr pae mce cx8 apic sep mtrr pge mca cmov pat pse36 clflush dts acpi mmx fxsr sse sse2 ss ht tm pbe syscall nx rdtscp lm constant_tsc arch_perfmon pebs bts rep_good nopl xtopology nonstop_tsc aperfmperf eagerfpu pni pclmulqdq dtes64 monitor ds_cpl vmx smx est tm2 ssse3 cx16 xtpr pdcm pcid sse4_1 sse4_2 x2apic popcnt tsc_deadline_timer aes xsave avx f16c rdrand lahf_lm epb tpr_shadow vnmi flexpriority ept vpid fsgsbase smep erms xsaveopt dtherm ida arat pln pts
bugs		:
bogomips	: 6784.38
clflush size	: 64
cache_alignment	: 64
address sizes	: 36 bits physical, 48 bits virtual
power management:

processor	: 2
vendor_id	: GenuineIntel
cpu family	: 6
model		: 58
model name	: Intel(R) Core(TM) i7-3770 CPU @ 3.40GHz
stepping	: 9
microcode	: 0x1c
cpu MHz		: 3700.023
cache size	: 8192 KB
physical id	: 0
siblings	: 8
core id		: 2
cpu cores	: 4
apicid		: 4
initial apicid	: 4
fpu		: yes
fpu_exception	: yes
cpuid level	: 13
wp		: yes
flags		: fpu vme de pse tsc msr pae mce cx8 apic sep mtrr pge mca cmov pat pse36 clflush dts acpi mmx fxsr sse sse2 ss ht tm pbe syscall nx rdtscp lm constant_tsc arch_perfmon pebs bts rep_good nopl xtopology nonstop_tsc aperfmperf eagerfpu pni pclmulqdq dtes64 monitor ds_cpl vmx smx est tm2 ssse3 cx16 xtpr pdcm pcid sse4_1 sse4_2 x2apic popcnt tsc_deadline_timer aes xsave avx f16c rdrand lahf_lm epb tpr_shadow vnmi flexpriority ept vpid fsgsbase smep erms xsaveopt dtherm ida arat pln pts
bugs		:
bogomips	: 6784.38
clflush size	: 64
cache_alignment	: 64
address sizes	: 36 bits physical, 48 bits virtual
power management:

processor	: 3
vendor_id	: GenuineIntel
cpu family	: 6
model		: 58
model name	: Intel(R) Core(TM) i7-3770 CPU @ 3.40GHz
stepping	: 9
microcode	: 0x1c
cpu MHz		: 3699.890
cache size	: 8192 KB
physical id	: 0
siblings	: 8
core id		: 3
cpu cores	: 4
apicid		: 6
initial apicid	: 6
fpu		: yes
fpu_exception	: yes
cpuid level	: 13
wp		: yes
flags		: fpu vme de pse tsc msr pae mce cx8 apic sep mtrr pge mca cmov pat pse36 clflush dts acpi mmx fxsr sse sse2 ss ht tm pbe syscall nx rdtscp lm constant_tsc arch_perfmon pebs bts rep_good nopl xtopology nonstop_tsc aperfmperf eagerfpu pni pclmulqdq dtes64 monitor ds_cpl vmx smx est tm2 ssse3 cx16 xtpr pdcm pcid sse4_1 sse4_2 x2apic popcnt tsc_deadline_timer aes xsave avx f16c rdrand lahf_lm epb tpr_shadow vnmi flexpriority ept vpid fsgsbase smep erms xsaveopt dtherm ida arat pln pts
bugs		:
bogomips	: 6784.38
clflush size	: 64
cache_alignment	: 64
address sizes	: 36 bits physical, 48 bits virtual
power management:

processor	: 4
vendor_id	: GenuineIntel
cpu family	: 6
model		: 58
model name	: Intel(R) Core(TM) i7-3770 CPU @ 3.40GHz
stepping	: 9
microcode	: 0x1c
cpu MHz		: 3699.890
cache size	: 8192 KB
physical id	: 0
siblings	: 8
core id		: 0
cpu cores	: 4
apicid		: 1
initial apicid	: 1
fpu		: yes
fpu_exception	: yes
cpuid level	: 13
wp		: yes
flags		: fpu vme de pse tsc msr pae mce cx8 apic sep mtrr pge mca cmov pat pse36 clflush dts acpi mmx fxsr sse sse2 ss ht tm pbe syscall nx rdtscp lm constant_tsc arch_perfmon pebs bts rep_good nopl xtopology nonstop_tsc aperfmperf eagerfpu pni pclmulqdq dtes64 monitor ds_cpl vmx smx est tm2 ssse3 cx16 xtpr pdcm pcid sse4_1 sse4_2 x2apic popcnt tsc_deadline_timer aes xsave avx f16c rdrand lahf_lm epb tpr_shadow vnmi flexpriority ept vpid fsgsbase smep erms xsaveopt dtherm ida arat pln pts
bugs		:
bogomips	: 6784.38
clflush size	: 64
cache_alignment	: 64
address sizes	: 36 bits physical, 48 bits virtual
power management:

processor	: 5
vendor_id	: GenuineIntel
cpu family	: 6
model		: 58
model name	: Intel(R) Core(TM) i7-3770 CPU @ 3.40GHz
stepping	: 9
microcode	: 0x1c
cpu MHz		: 3699.890
cache size	: 8192 KB
physical id	: 0
siblings	: 8
core id		: 1
cpu cores	: 4
apicid		: 3
initial apicid	: 3
fpu		: yes
fpu_exception	: yes
cpuid level	: 13
wp		: yes
flags		: fpu vme de pse tsc msr pae mce cx8 apic sep mtrr pge mca cmov pat pse36 clflush dts acpi mmx fxsr sse sse2 ss ht tm pbe syscall nx rdtscp lm constant_tsc arch_perfmon pebs bts rep_good nopl xtopology nonstop_tsc aperfmperf eagerfpu pni pclmulqdq dtes64 monitor ds_cpl vmx smx est tm2 ssse3 cx16 xtpr pdcm pcid sse4_1 sse4_2 x2apic popcnt tsc_deadline_timer aes xsave avx f16c rdrand lahf_lm epb tpr_shadow vnmi flexpriority ept vpid fsgsbase smep erms xsaveopt dtherm ida arat pln pts
bugs		:
bogomips	: 6784.38
clflush size	: 64
cache_alignment	: 64
address sizes	: 36 bits physical, 48 bits virtual
power management:

processor	: 6
vendor_id	: GenuineIntel
cpu family	: 6
model		: 58
model name	: Intel(R) Core(TM) i7-3770 CPU @ 3.40GHz
stepping	: 9
microcode	: 0x1c
cpu MHz		: 3699.890
cache size	: 8192 KB
physical id	: 0
siblings	: 8
core id		: 2
cpu cores	: 4
apicid		: 5
initial apicid	: 5
fpu		: yes
fpu_exception	: yes
cpuid level	: 13
wp		: yes
flags		: fpu vme de pse tsc msr pae mce cx8 apic sep mtrr pge mca cmov pat pse36 clflush dts acpi mmx fxsr sse sse2 ss ht tm pbe syscall nx rdtscp lm constant_tsc arch_perfmon pebs bts rep_good nopl xtopology nonstop_tsc aperfmperf eagerfpu pni pclmulqdq dtes64 monitor ds_cpl vmx smx est tm2 ssse3 cx16 xtpr pdcm pcid sse4_1 sse4_2 x2apic popcnt tsc_deadline_timer aes xsave avx f16c rdrand lahf_lm epb tpr_shadow vnmi flexpriority ept vpid fsgsbase smep erms xsaveopt dtherm ida arat pln pts
bugs		:
bogomips	: 6784.38
clflush size	: 64
cache_alignment	: 64
address sizes	: 36 bits physical, 48 bits virtual
power management:

processor	: 7
vendor_id	: GenuineIntel
cpu family	: 6
model		: 58
model name	: Intel(R) Core(TM) i7-3770 CPU @ 3.40GHz
stepping	: 9
microcode	: 0x1c
cpu MHz		: 3700.023
cache size	: 8192 KB
physical id	: 0
siblings	: 8
core id		: 3
cpu cores	: 4
apicid		: 7
initial apicid	: 7
fpu		: yes
fpu_exception	: yes
cpuid level	: 13
wp		: yes
flags		: fpu vme de pse tsc msr pae mce cx8 apic sep mtrr pge mca cmov pat pse36 clflush dts acpi mmx fxsr sse sse2 ss ht tm pbe syscall nx rdtscp lm constant_tsc arch_perfmon pebs bts rep_good nopl xtopology nonstop_tsc aperfmperf eagerfpu pni pclmulqdq dtes64 monitor ds_cpl vmx smx est tm2 ssse3 cx16 xtpr pdcm pcid sse4_1 sse4_2 x2apic popcnt tsc_deadline_timer aes xsave avx f16c rdrand lahf_lm epb tpr_shadow vnmi flexpriority ept vpid fsgsbase smep erms xsaveopt dtherm ida arat pln pts
bugs		:
bogomips	: 6784.38
clflush size	: 64
cache_alignment	: 64
address sizes	: 36 bits physical, 48 bits virtual
power management:



Memory: 4k page, physical 3730064k(103648k free), swap 3871740k(0k free)

vm_info: Java HotSpot(TM) 64-Bit Server VM (25.101-b13) for linux-amd64 JRE (1.8.0_101-b13), built on Jun 22 2016 02:59:44 by "java_re" with gcc 4.3.0 20080428 (Red Hat 4.3.0-8)

time: Tue Sep  6 22:20:10 2016
elapsed time: 4 seconds (0d 0h 0m 4s)

