#
# There is insufficient memory for the Java Runtime Environment to continue.
# Native memory allocation (mmap) failed to map 142606336 bytes for committing reserved memory.
# Possible reasons:
#   The system is out of physical RAM or swap space
#   In 32 bit mode, the process size limit was hit
# Possible solutions:
#   Reduce memory load on the system
#   Increase physical memory or swap space
#   Check if swap backing store is full
#   Use 64 bit Java on a 64 bit OS
#   Decrease Java heap size (-Xmx/-Xms)
#   Decrease number of Java threads
#   Decrease Java thread stack sizes (-Xss)
#   Set larger code cache with -XX:ReservedCodeCacheSize=
# This output file may be truncated or incomplete.
#
#  Out of Memory Error (os_linux.cpp:2627), pid=20279, tid=0x00007f53f5afa700
#
# JRE version: Java(TM) SE Runtime Environment (8.0_101-b13) (build 1.8.0_101-b13)
# Java VM: Java HotSpot(TM) 64-Bit Server VM (25.101-b13 mixed mode linux-amd64 compressed oops)
# Failed to write core dump. Core dumps have been disabled. To enable core dumping, try "ulimit -c unlimited" before starting Java again
#

---------------  T H R E A D  ---------------

Current thread (0x00007f540c080000):  VMThread [stack: 0x00007f53f59fa000,0x00007f53f5afb000] [id=20327]

Stack: [0x00007f53f59fa000,0x00007f53f5afb000],  sp=0x00007f53f5af8fa0,  free space=1019k
Native frames: (J=compiled Java code, j=interpreted, Vv=VM code, C=native code)
V  [libjvm.so+0xac3f0a]  VMError::report_and_die()+0x2ba
V  [libjvm.so+0x4fbf9b]  report_vm_out_of_memory(char const*, int, unsigned long, VMErrorType, char const*)+0x8b
V  [libjvm.so+0x9222d3]  os::Linux::commit_memory_impl(char*, unsigned long, bool)+0x103
V  [libjvm.so+0x922829]  os::pd_commit_memory(char*, unsigned long, unsigned long, bool)+0x29
V  [libjvm.so+0x91cb2a]  os::commit_memory(char*, unsigned long, unsigned long, bool)+0x2a
V  [libjvm.so+0x991053]  PSVirtualSpace::expand_by(unsigned long)+0x53
V  [libjvm.so+0x992458]  PSYoungGen::resize_generation(unsigned long, unsigned long)+0xf8
V  [libjvm.so+0x9915b2]  PSYoungGen::resize(unsigned long, unsigned long)+0x22
V  [libjvm.so+0x98e88b]  PSScavenge::invoke_no_policy()+0xf3b
V  [libjvm.so+0x98f011]  PSScavenge::invoke()+0x41
V  [libjvm.so+0x945fc0]  ParallelScavengeHeap::failed_mem_allocate(unsigned long)+0x70
V  [libjvm.so+0xac5927]  VM_ParallelGCFailedAllocation::doit()+0x97
V  [libjvm.so+0xacd405]  VM_Operation::evaluate()+0x55
V  [libjvm.so+0xacb7da]  VMThread::evaluate_operation(VM_Operation*)+0xba
V  [libjvm.so+0xacbb5e]  VMThread::loop()+0x1ce
V  [libjvm.so+0xacbfd0]  VMThread::run()+0x70
V  [libjvm.so+0x924698]  java_start(Thread*)+0x108

VM_Operation (0x00007f53f4712cb0): ParallelGCFailedAllocation, mode: safepoint, requested by thread 0x00007f540c181800


---------------  P R O C E S S  ---------------

Java Threads: ( => current thread )
  0x00007f540c188000 JavaThread "pool-2-thread-4" [_thread_blocked, id=20381, stack(0x00007f53f4210000,0x00007f53f4311000)]
  0x00007f540c186800 JavaThread "pool-2-thread-3" [_thread_blocked, id=20380, stack(0x00007f53f4311000,0x00007f53f4412000)]
  0x00007f540c185800 JavaThread "pool-2-thread-2" [_thread_blocked, id=20379, stack(0x00007f53f4412000,0x00007f53f4513000)]
  0x00007f540c183800 JavaThread "pool-3-thread-1" [_thread_blocked, id=20378, stack(0x00007f53f4513000,0x00007f53f4614000)]
  0x00007f540c181800 JavaThread "pool-2-thread-1" [_thread_blocked, id=20377, stack(0x00007f53f4614000,0x00007f53f4715000)]
  0x00007f540c0ca800 JavaThread "Service Thread" daemon [_thread_blocked, id=20358, stack(0x00007f53f4816000,0x00007f53f4917000)]
  0x00007f540c0c7800 JavaThread "C1 CompilerThread3" daemon [_thread_blocked, id=20349, stack(0x00007f53f4917000,0x00007f53f4a18000)]
  0x00007f540c0c5800 JavaThread "C2 CompilerThread2" daemon [_thread_in_native, id=20348, stack(0x00007f53f4a18000,0x00007f53f4b19000)]
  0x00007f540c0c4000 JavaThread "C2 CompilerThread1" daemon [_thread_blocked, id=20347, stack(0x00007f53f4b19000,0x00007f53f4c1a000)]
  0x00007f540c0c1000 JavaThread "C2 CompilerThread0" daemon [_thread_blocked, id=20344, stack(0x00007f53f4c1a000,0x00007f53f4d1b000)]
  0x00007f540c0bf800 JavaThread "Signal Dispatcher" daemon [_thread_blocked, id=20339, stack(0x00007f53f4d1b000,0x00007f53f4e1c000)]
  0x00007f540c08c800 JavaThread "Finalizer" daemon [_thread_blocked, id=20335, stack(0x00007f53f57f8000,0x00007f53f58f9000)]
  0x00007f540c087800 JavaThread "Reference Handler" daemon [_thread_blocked, id=20332, stack(0x00007f53f58f9000,0x00007f53f59fa000)]
  0x00007f540c00a000 JavaThread "main" [_thread_blocked, id=20291, stack(0x00007f541521b000,0x00007f541531c000)]

Other Threads:
=>0x00007f540c080000 VMThread [stack: 0x00007f53f59fa000,0x00007f53f5afb000] [id=20327]
  0x00007f540c0cd800 WatcherThread [stack: 0x00007f53f4715000,0x00007f53f4816000] [id=20365]

VM state:at safepoint (normal execution)

VM Mutex/Monitor currently owned by a thread:  ([mutex/lock_event])
[0x00007f540c006530] Threads_lock - owner thread: 0x00007f540c080000
[0x00007f540c006a30] Heap_lock - owner thread: 0x00007f540c181800

Heap:
 PSYoungGen      total 136192K, used 15331K [0x00000000eab00000, 0x00000000f4100000, 0x0000000100000000)
  eden space 120832K, 0% used [0x00000000eab00000,0x00000000eab00000,0x00000000f2100000)
  from space 15360K, 99% used [0x00000000f2100000,0x00000000f2ff8e88,0x00000000f3000000)
  to   space 13312K, 0% used [0x00000000f3000000,0x00000000f3000000,0x00000000f3d00000)
 ParOldGen       total 39936K, used 37028K [0x00000000c0000000, 0x00000000c2700000, 0x00000000eab00000)
  object space 39936K, 92% used [0x00000000c0000000,0x00000000c2429280,0x00000000c2700000)
 Metaspace       used 6422K, capacity 7256K, committed 7424K, reserved 1056768K
  class space    used 613K, capacity 656K, committed 768K, reserved 1048576K

Card table byte_map: [0x00007f5411dcd000,0x00007f5411fce000] byte_map_base: 0x00007f54117cd000

Marking Bits: (ParMarkBitMap*) 0x00007f54146f6120
 Begin Bits: [0x00007f53f6000000, 0x00007f53f7000000)
 End Bits:   [0x00007f53f7000000, 0x00007f53f8000000)

Polling page: 0x00007f5415345000

CodeCache: size=245760Kb used=7716Kb max_used=7716Kb free=238043Kb
 bounds [0x00007f53fd000000, 0x00007f53fd790000, 0x00007f540c000000]
 total_blobs=2332 nmethods=2063 adapters=182
 compilation: enabled

Compilation events (10 events):
Event: 4,461 Thread 0x00007f540c0c7800 nmethod 2201 0x00007f53fd783790 code [0x00007f53fd783900, 0x00007f53fd783a90]
Event: 4,463 Thread 0x00007f540c0c7800 2202       2       java.util.concurrent.atomic.AtomicInteger::getAndDecrement (12 bytes)
Event: 4,463 Thread 0x00007f540c0c7800 nmethod 2202 0x00007f53fd783b50 code [0x00007f53fd783ca0, 0x00007f53fd783df0]
Event: 4,463 Thread 0x00007f540c0c7800 2195   !   2       com.android.dx.dex.cf.CfTranslator::translate (44 bytes)
Event: 4,464 Thread 0x00007f540c0c7800 nmethod 2195 0x00007f53fd783e50 code [0x00007f53fd784000, 0x00007f53fd784388]
Event: 4,474 Thread 0x00007f540c0c7800 2204 %     3       java.lang.String::lastIndexOf @ 62 (151 bytes)
Event: 4,475 Thread 0x00007f540c0c7800 nmethod 2204% 0x00007f53fd784650 code [0x00007f53fd784800, 0x00007f53fd784e10]
Event: 4,475 Thread 0x00007f540c0c7800 2203       2       com.android.dx.cf.direct.DirectClassFile::parse0 (920 bytes)
Event: 4,504 Thread 0x00007f540c0c7800 nmethod 2203 0x00007f53fd785310 code [0x00007f53fd785c00, 0x00007f53fd7897f8]
Event: 4,504 Thread 0x00007f540c0c7800 2208 % !   3       com.android.dx.cf.code.Ropper::processBlock @ 1035 (1101 bytes)

GC Heap History (10 events):
Event: 0,939 GC heap after
Heap after GC invocations=2 (full 0):
 PSYoungGen      total 32768K, used 2029K [0x00000000eab00000, 0x00000000ecd00000, 0x0000000100000000)
  eden space 30720K, 0% used [0x00000000eab00000,0x00000000eab00000,0x00000000ec900000)
  from space 2048K, 99% used [0x00000000ecb00000,0x00000000eccfb5c8,0x00000000ecd00000)
  to   space 2048K, 0% used [0x00000000ec900000,0x00000000ec900000,0x00000000ecb00000)
 ParOldGen       total 39936K, used 2833K [0x00000000c0000000, 0x00000000c2700000, 0x00000000eab00000)
  object space 39936K, 7% used [0x00000000c0000000,0x00000000c02c4418,0x00000000c2700000)
 Metaspace       used 5725K, capacity 6704K, committed 6784K, reserved 1056768K
  class space    used 590K, capacity 616K, committed 640K, reserved 1048576K
}
Event: 1,453 GC heap before
{Heap before GC invocations=3 (full 0):
 PSYoungGen      total 32768K, used 32749K [0x00000000eab00000, 0x00000000ecd00000, 0x0000000100000000)
  eden space 30720K, 100% used [0x00000000eab00000,0x00000000ec900000,0x00000000ec900000)
  from space 2048K, 99% used [0x00000000ecb00000,0x00000000eccfb5c8,0x00000000ecd00000)
  to   space 2048K, 0% used [0x00000000ec900000,0x00000000ec900000,0x00000000ecb00000)
 ParOldGen       total 39936K, used 2833K [0x00000000c0000000, 0x00000000c2700000, 0x00000000eab00000)
  object space 39936K, 7% used [0x00000000c0000000,0x00000000c02c4418,0x00000000c2700000)
 Metaspace       used 5943K, capacity 6896K, committed 7040K, reserved 1056768K
  class space    used 592K, capacity 616K, committed 640K, reserved 1048576K
Event: 1,498 GC heap after
Heap after GC invocations=3 (full 0):
 PSYoungGen      total 32768K, used 2017K [0x00000000eab00000, 0x00000000eeb00000, 0x0000000100000000)
  eden space 30720K, 0% used [0x00000000eab00000,0x00000000eab00000,0x00000000ec900000)
  from space 2048K, 98% used [0x00000000ec900000,0x00000000ecaf85b0,0x00000000ecb00000)
  to   space 2048K, 0% used [0x00000000ee900000,0x00000000ee900000,0x00000000eeb00000)
 ParOldGen       total 39936K, used 8471K [0x00000000c0000000, 0x00000000c2700000, 0x00000000eab00000)
  object space 39936K, 21% used [0x00000000c0000000,0x00000000c0845c68,0x00000000c2700000)
 Metaspace       used 5943K, capacity 6896K, committed 7040K, reserved 1056768K
  class space    used 592K, capacity 616K, committed 640K, reserved 1048576K
}
Event: 1,876 GC heap before
{Heap before GC invocations=4 (full 0):
 PSYoungGen      total 32768K, used 32737K [0x00000000eab00000, 0x00000000eeb00000, 0x0000000100000000)
  eden space 30720K, 100% used [0x00000000eab00000,0x00000000ec900000,0x00000000ec900000)
  from space 2048K, 98% used [0x00000000ec900000,0x00000000ecaf85b0,0x00000000ecb00000)
  to   space 2048K, 0% used [0x00000000ee900000,0x00000000ee900000,0x00000000eeb00000)
 ParOldGen       total 39936K, used 8471K [0x00000000c0000000, 0x00000000c2700000, 0x00000000eab00000)
  object space 39936K, 21% used [0x00000000c0000000,0x00000000c0845c68,0x00000000c2700000)
 Metaspace       used 6018K, capacity 6960K, committed 7040K, reserved 1056768K
  class space    used 592K, capacity 616K, committed 640K, reserved 1048576K
Event: 1,959 GC heap after
Heap after GC invocations=4 (full 0):
 PSYoungGen      total 63488K, used 2037K [0x00000000eab00000, 0x00000000eeb00000, 0x0000000100000000)
  eden space 61440K, 0% used [0x00000000eab00000,0x00000000eab00000,0x00000000ee700000)
  from space 2048K, 99% used [0x00000000ee900000,0x00000000eeafd458,0x00000000eeb00000)
  to   space 2048K, 0% used [0x00000000ee700000,0x00000000ee700000,0x00000000ee900000)
 ParOldGen       total 39936K, used 12500K [0x00000000c0000000, 0x00000000c2700000, 0x00000000eab00000)
  object space 39936K, 31% used [0x00000000c0000000,0x00000000c0c35030,0x00000000c2700000)
 Metaspace       used 6018K, capacity 6960K, committed 7040K, reserved 1056768K
  class space    used 592K, capacity 616K, committed 640K, reserved 1048576K
}
Event: 2,757 GC heap before
{Heap before GC invocations=5 (full 0):
 PSYoungGen      total 63488K, used 63477K [0x00000000eab00000, 0x00000000eeb00000, 0x0000000100000000)
  eden space 61440K, 100% used [0x00000000eab00000,0x00000000ee700000,0x00000000ee700000)
  from space 2048K, 99% used [0x00000000ee900000,0x00000000eeafd458,0x00000000eeb00000)
  to   space 2048K, 0% used [0x00000000ee700000,0x00000000ee700000,0x00000000ee900000)
 ParOldGen       total 39936K, used 12500K [0x00000000c0000000, 0x00000000c2700000, 0x00000000eab00000)
  object space 39936K, 31% used [0x00000000c0000000,0x00000000c0c35030,0x00000000c2700000)
 Metaspace       used 6087K, capacity 7024K, committed 7296K, reserved 1056768K
  class space    used 593K, capacity 616K, committed 640K, reserved 1048576K
Event: 2,828 GC heap after
Heap after GC invocations=5 (full 0):
 PSYoungGen      total 63488K, used 2017K [0x00000000eab00000, 0x00000000f3d00000, 0x0000000100000000)
  eden space 61440K, 0% used [0x00000000eab00000,0x00000000eab00000,0x00000000ee700000)
  from space 2048K, 98% used [0x00000000ee700000,0x00000000ee8f85b0,0x00000000ee900000)
  to   space 13312K, 0% used [0x00000000f3000000,0x00000000f3000000,0x00000000f3d00000)
 ParOldGen       total 39936K, used 22504K [0x00000000c0000000, 0x00000000c2700000, 0x00000000eab00000)
  object space 39936K, 56% used [0x00000000c0000000,0x00000000c15fa2b0,0x00000000c2700000)
 Metaspace       used 6087K, capacity 7024K, committed 7296K, reserved 1056768K
  class space    used 593K, capacity 616K, committed 640K, reserved 1048576K
}
Event: 3,444 GC heap before
{Heap before GC invocations=6 (full 0):
 PSYoungGen      total 63488K, used 63457K [0x00000000eab00000, 0x00000000f3d00000, 0x0000000100000000)
  eden space 61440K, 100% used [0x00000000eab00000,0x00000000ee700000,0x00000000ee700000)
  from space 2048K, 98% used [0x00000000ee700000,0x00000000ee8f85b0,0x00000000ee900000)
  to   space 13312K, 0% used [0x00000000f3000000,0x00000000f3000000,0x00000000f3d00000)
 ParOldGen       total 39936K, used 22504K [0x00000000c0000000, 0x00000000c2700000, 0x00000000eab00000)
  object space 39936K, 56% used [0x00000000c0000000,0x00000000c15fa2b0,0x00000000c2700000)
 Metaspace       used 6241K, capacity 7152K, committed 7296K, reserved 1056768K
  class space    used 593K, capacity 616K, committed 640K, reserved 1048576K
Event: 3,495 GC heap after
Heap after GC invocations=6 (full 0):
 PSYoungGen      total 134144K, used 11957K [0x00000000eab00000, 0x00000000f4100000, 0x0000000100000000)
  eden space 120832K, 0% used [0x00000000eab00000,0x00000000eab00000,0x00000000f2100000)
  from space 13312K, 89% used [0x00000000f3000000,0x00000000f3bad460,0x00000000f3d00000)
  to   space 15360K, 0% used [0x00000000f2100000,0x00000000f2100000,0x00000000f3000000)
 ParOldGen       total 39936K, used 22504K [0x00000000c0000000, 0x00000000c2700000, 0x00000000eab00000)
  object space 39936K, 56% used [0x00000000c0000000,0x00000000c15fa2b0,0x00000000c2700000)
 Metaspace       used 6241K, capacity 7152K, committed 7296K, reserved 1056768K
  class space    used 593K, capacity 616K, committed 640K, reserved 1048576K
}
Event: 4,511 GC heap before
{Heap before GC invocations=7 (full 0):
 PSYoungGen      total 134144K, used 132789K [0x00000000eab00000, 0x00000000f4100000, 0x0000000100000000)
  eden space 120832K, 100% used [0x00000000eab00000,0x00000000f2100000,0x00000000f2100000)
  from space 13312K, 89% used [0x00000000f3000000,0x00000000f3bad460,0x00000000f3d00000)
  to   space 15360K, 0% used [0x00000000f2100000,0x00000000f2100000,0x00000000f3000000)
 ParOldGen       total 39936K, used 22504K [0x00000000c0000000, 0x00000000c2700000, 0x00000000eab00000)
  object space 39936K, 56% used [0x00000000c0000000,0x00000000c15fa2b0,0x00000000c2700000)
 Metaspace       used 6422K, capacity 7256K, committed 7424K, reserved 1056768K
  class space    used 613K, capacity 656K, committed 768K, reserved 1048576K

Deoptimization events (10 events):
Event: 2,858 Thread 0x00007f540c185800 Uncommon trap: reason=unstable_if action=reinterpret pc=0x00007f53fd58a4ec method=com.android.dx.rop.code.RegisterSpecSet.put(Lcom/android/dx/rop/code/RegisterSpec;)V @ 77
Event: 3,160 Thread 0x00007f540c185800 Uncommon trap: reason=class_check action=maybe_recompile pc=0x00007f53fd29bf24 method=java.util.HashMap.putVal(ILjava/lang/Object;Ljava/lang/Object;ZZ)Ljava/lang/Object; @ 203
Event: 3,237 Thread 0x00007f540c185800 Uncommon trap: reason=uninitialized action=reinterpret pc=0x00007f53fd596bb8 method=com.android.dx.cf.code.BytecodeArray.parseInstruction(ILcom/android/dx/cf/code/BytecodeArray$Visitor;)I @ 1079
Event: 3,546 Thread 0x00007f540c185800 Uncommon trap: reason=unstable_if action=reinterpret pc=0x00007f53fd4de2e4 method=com.android.dx.rop.code.LocalItem.compareHandlesNulls(Lcom/android/dx/rop/cst/CstString;Lcom/android/dx/rop/cst/CstString;)I @ 14
Event: 3,855 Thread 0x00007f540c00a000 Uncommon trap: reason=unstable_if action=reinterpret pc=0x00007f53fd257bec method=java.util.HashMap.putVal(ILjava/lang/Object;Ljava/lang/Object;ZZ)Ljava/lang/Object; @ 162
Event: 3,896 Thread 0x00007f540c00a000 Uncommon trap: reason=unstable_if action=reinterpret pc=0x00007f53fd6f0efc method=java.util.HashMap.getNode(ILjava/lang/Object;)Ljava/util/HashMap$Node; @ 84
Event: 4,117 Thread 0x00007f540c188000 Uncommon trap: reason=unstable_if action=reinterpret pc=0x00007f53fd62b19c method=com.android.dx.cf.code.Ropper.isSynchronized()Z @ 12
Event: 4,118 Thread 0x00007f540c188000 Uncommon trap: reason=unstable_if action=reinterpret pc=0x00007f53fd4b2308 method=com.android.dx.ssa.MoveParamCombiner$1.visitNonMoveInsn(Lcom/android/dx/ssa/NormalSsaInsn;)V @ 27
Event: 4,194 Thread 0x00007f540c186800 Uncommon trap: reason=bimorphic action=maybe_recompile pc=0x00007f53fd60d834 method=com.android.dx.ssa.LiteralOpUpgrader.tryReplacingWithConstant(Lcom/android/dx/ssa/NormalSsaInsn;)Z @ 62
Event: 4,223 Thread 0x00007f540c186800 Uncommon trap: reason=bimorphic action=maybe_recompile pc=0x00007f53fd60d834 method=com.android.dx.ssa.LiteralOpUpgrader.tryReplacingWithConstant(Lcom/android/dx/ssa/NormalSsaInsn;)Z @ 62

Internal exceptions (8 events):
Event: 0,089 Thread 0x00007f540c00a000 Exception <a 'java/lang/NoSuchMethodError': Method sun.misc.Unsafe.defineClass(Ljava/lang/String;[BII)Ljava/lang/Class; name or signature does not match> (0x00000000eab07cc0) thrown at [/HUDSON3/workspace/8-2-build-linux-amd64/jdk8u101/7261/hotspot/src/sh
Event: 0,090 Thread 0x00007f540c00a000 Exception <a 'java/lang/NoSuchMethodError': Method sun.misc.Unsafe.prefetchRead(Ljava/lang/Object;J)V name or signature does not match> (0x00000000eab07fa8) thrown at [/HUDSON3/workspace/8-2-build-linux-amd64/jdk8u101/7261/hotspot/src/share/vm/prims/jni.c
Event: 0,941 Thread 0x00007f540c181800 Implicit null exception at 0x00007f53fd233462 to 0x00007f53fd233565
Event: 1,723 Thread 0x00007f540c188000 Implicit null exception at 0x00007f53fd2500c8 to 0x00007f53fd2524a9
Event: 3,546 Thread 0x00007f540c185800 Implicit null exception at 0x00007f53fd4dd00f to 0x00007f53fd4de2b9
Event: 3,882 Thread 0x00007f540c00a000 Exception <a 'java/lang/ArrayIndexOutOfBoundsException': 18> (0x00000000ee864338) thrown at [/HUDSON3/workspace/8-2-build-linux-amd64/jdk8u101/7261/hotspot/src/share/vm/interpreter/interpreterRuntime.cpp, line 366]
Event: 3,883 Thread 0x00007f540c00a000 Exception <a 'java/lang/ArrayIndexOutOfBoundsException': 145> (0x00000000ee865eb8) thrown at [/HUDSON3/workspace/8-2-build-linux-amd64/jdk8u101/7261/hotspot/src/share/vm/interpreter/interpreterRuntime.cpp, line 366]
Event: 3,889 Thread 0x00007f540c00a000 Exception <a 'java/lang/ArrayIndexOutOfBoundsException'> (0x00000000ee8671a0) thrown at [/HUDSON3/workspace/8-2-build-linux-amd64/jdk8u101/7261/hotspot/src/share/vm/runtime/sharedRuntime.cpp, line 605]

Events (10 events):
Event: 4,256 Executing VM operation: EnableBiasedLocking done
Event: 4,293 Thread 0x00007f540c00a000 DEOPT PACKING pc=0x00007f53fd3c03a8 sp=0x00007f54153197c0
Event: 4,293 Thread 0x00007f540c00a000 DEOPT UNPACKING pc=0x00007f53fd047633 sp=0x00007f5415319518 mode 0
Event: 4,384 Thread 0x00007f540c00a000 DEOPT PACKING pc=0x00007f53fd5f1c02 sp=0x00007f5415319e10
Event: 4,384 Thread 0x00007f540c00a000 DEOPT UNPACKING pc=0x00007f53fd047633 sp=0x00007f5415319c40 mode 0
Event: 4,390 Thread 0x00007f540c00a000 DEOPT PACKING pc=0x00007f53fd5ef7c1 sp=0x00007f5415319d10
Event: 4,390 Thread 0x00007f540c00a000 DEOPT UNPACKING pc=0x00007f53fd047633 sp=0x00007f5415319af0 mode 0
Event: 4,413 Thread 0x00007f540c186800 DEOPT PACKING pc=0x00007f53fd5e3167 sp=0x00007f53f44103f0
Event: 4,413 Thread 0x00007f540c186800 DEOPT UNPACKING pc=0x00007f53fd047633 sp=0x00007f53f4410208 mode 0
Event: 4,506 Executing VM operation: ParallelGCFailedAllocation


Dynamic libraries:
00400000-00401000 r-xp 00000000 08:01 6952765                            /usr/lib/jvm/java-8-oracle/bin/java
00600000-00601000 rw-p 00000000 08:01 6952765                            /usr/lib/jvm/java-8-oracle/bin/java
01cab000-01ccc000 rw-p 00000000 00:00 0                                  [heap]
c0000000-c2700000 rw-p 00000000 00:00 0 
c2700000-eab00000 ---p 00000000 00:00 0 
eab00000-f4100000 rw-p 00000000 00:00 0 
fc900000-100000000 ---p 00000000 00:00 0 
100000000-1000c0000 rw-p 00000000 00:00 0 
1000c0000-140000000 ---p 00000000 00:00 0 
7f5388000000-7f5388026000 rw-p 00000000 00:00 0 
7f5388026000-7f538c000000 ---p 00000000 00:00 0 
7f5390000000-7f5390021000 rw-p 00000000 00:00 0 
7f5390021000-7f5394000000 ---p 00000000 00:00 0 
7f5394000000-7f5394021000 rw-p 00000000 00:00 0 
7f5394021000-7f5398000000 ---p 00000000 00:00 0 
7f5398000000-7f5398042000 rw-p 00000000 00:00 0 
7f5398042000-7f539c000000 ---p 00000000 00:00 0 
7f539c000000-7f539c021000 rw-p 00000000 00:00 0 
7f539c021000-7f53a0000000 ---p 00000000 00:00 0 
7f53a0000000-7f53a0021000 rw-p 00000000 00:00 0 
7f53a0021000-7f53a4000000 ---p 00000000 00:00 0 
7f53a4000000-7f53a4021000 rw-p 00000000 00:00 0 
7f53a4021000-7f53a8000000 ---p 00000000 00:00 0 
7f53a8000000-7f53a8cb6000 rw-p 00000000 00:00 0 
7f53a8cb6000-7f53ac000000 ---p 00000000 00:00 0 
7f53ac000000-7f53ac99b000 rw-p 00000000 00:00 0 
7f53ac99b000-7f53b0000000 ---p 00000000 00:00 0 
7f53b0000000-7f53b0925000 rw-p 00000000 00:00 0 
7f53b0925000-7f53b4000000 ---p 00000000 00:00 0 
7f53b4000000-7f53b4b38000 rw-p 00000000 00:00 0 
7f53b4b38000-7f53b8000000 ---p 00000000 00:00 0 
7f53b8000000-7f53b8021000 rw-p 00000000 00:00 0 
7f53b8021000-7f53bc000000 ---p 00000000 00:00 0 
7f53bc000000-7f53bc021000 rw-p 00000000 00:00 0 
7f53bc021000-7f53c0000000 ---p 00000000 00:00 0 
7f53c0000000-7f53c0291000 rw-p 00000000 00:00 0 
7f53c0291000-7f53c4000000 ---p 00000000 00:00 0 
7f53c4000000-7f53c4021000 rw-p 00000000 00:00 0 
7f53c4021000-7f53c8000000 ---p 00000000 00:00 0 
7f53c8000000-7f53c8021000 rw-p 00000000 00:00 0 
7f53c8021000-7f53cc000000 ---p 00000000 00:00 0 
7f53cc000000-7f53cc021000 rw-p 00000000 00:00 0 
7f53cc021000-7f53d0000000 ---p 00000000 00:00 0 
7f53d0000000-7f53d0021000 rw-p 00000000 00:00 0 
7f53d0021000-7f53d4000000 ---p 00000000 00:00 0 
7f53d8000000-7f53d8021000 rw-p 00000000 00:00 0 
7f53d8021000-7f53dc000000 ---p 00000000 00:00 0 
7f53e0000000-7f53e0021000 rw-p 00000000 00:00 0 
7f53e0021000-7f53e4000000 ---p 00000000 00:00 0 
7f53e8000000-7f53e8021000 rw-p 00000000 00:00 0 
7f53e8021000-7f53ec000000 ---p 00000000 00:00 0 
7f53f0000000-7f53f0021000 rw-p 00000000 00:00 0 
7f53f0021000-7f53f4000000 ---p 00000000 00:00 0 
7f53f4210000-7f53f4213000 ---p 00000000 00:00 0 
7f53f4213000-7f53f4311000 rw-p 00000000 00:00 0 
7f53f4311000-7f53f4314000 ---p 00000000 00:00 0 
7f53f4314000-7f53f4412000 rw-p 00000000 00:00 0 
7f53f4412000-7f53f4415000 ---p 00000000 00:00 0 
7f53f4415000-7f53f4513000 rw-p 00000000 00:00 0 
7f53f4513000-7f53f4516000 ---p 00000000 00:00 0 
7f53f4516000-7f53f4614000 rw-p 00000000 00:00 0 
7f53f4614000-7f53f4617000 ---p 00000000 00:00 0 
7f53f4617000-7f53f4715000 rw-p 00000000 00:00 0 
7f53f4715000-7f53f4716000 ---p 00000000 00:00 0 
7f53f4716000-7f53f4816000 rw-p 00000000 00:00 0 
7f53f4816000-7f53f4819000 ---p 00000000 00:00 0 
7f53f4819000-7f53f4917000 rw-p 00000000 00:00 0 
7f53f4917000-7f53f491a000 ---p 00000000 00:00 0 
7f53f491a000-7f53f4a18000 rw-p 00000000 00:00 0 
7f53f4a18000-7f53f4a1b000 ---p 00000000 00:00 0 
7f53f4a1b000-7f53f4b19000 rw-p 00000000 00:00 0 
7f53f4b19000-7f53f4b1c000 ---p 00000000 00:00 0 
7f53f4b1c000-7f53f4c1a000 rw-p 00000000 00:00 0 
7f53f4c1a000-7f53f4c1d000 ---p 00000000 00:00 0 
7f53f4c1d000-7f53f4d1b000 rw-p 00000000 00:00 0 
7f53f4d1b000-7f53f4d1e000 ---p 00000000 00:00 0 
7f53f4d1e000-7f53f4e1c000 rw-p 00000000 00:00 0 
7f53f4e1c000-7f53f57f8000 r--p 00000000 08:01 6823137                    /usr/lib/locale/locale-archive
7f53f57f8000-7f53f57fb000 ---p 00000000 00:00 0 
7f53f57fb000-7f53f58f9000 rw-p 00000000 00:00 0 
7f53f58f9000-7f53f58fc000 ---p 00000000 00:00 0 
7f53f58fc000-7f53f59fa000 rw-p 00000000 00:00 0 
7f53f59fa000-7f53f59fb000 ---p 00000000 00:00 0 
7f53f59fb000-7f53f8000000 rw-p 00000000 00:00 0 
7f53f8000000-7f53f8021000 rw-p 00000000 00:00 0 
7f53f8021000-7f53fc000000 ---p 00000000 00:00 0 
7f53fc08e000-7f53fc0b3000 r--p 00000000 08:01 6818783                    /usr/share/locale-langpack/cs/LC_MESSAGES/libc.mo
7f53fc0b3000-7f53fc0c9000 r--s 000f1000 08:01 1844989                    /home/vojta/Android/Projekty/APKMirror/app/build/intermediates/exploded-aar/com.android.support/support-v4/23.4.0/jars/classes.jar
7f53fc0c9000-7f53fd000000 rw-p 00000000 00:00 0 
7f53fd000000-7f53fd790000 rwxp 00000000 00:00 0 
7f53fd790000-7f540c000000 ---p 00000000 00:00 0 
7f540c000000-7f540c3c0000 rw-p 00000000 00:00 0 
7f540c3c0000-7f5410000000 ---p 00000000 00:00 0 
7f541000a000-7f5410018000 r--s 000e0000 08:01 2753427                    /home/vojta/Android/Sdk/build-tools/24.0.1/lib/dx.jar
7f5410018000-7f5410820000 rw-p 00000000 00:00 0 
7f5410820000-7f54109f9000 r--s 03d29000 08:01 6954635                    /usr/lib/jvm/java-8-oracle/jre/lib/rt.jar
7f54109f9000-7f54110ef000 rw-p 00000000 00:00 0 
7f54110ef000-7f541126f000 ---p 00000000 00:00 0 
7f541126f000-7f541146f000 rw-p 00000000 00:00 0 
7f541146f000-7f5411470000 ---p 00000000 00:00 0 
7f5411470000-7f5411570000 rw-p 00000000 00:00 0 
7f5411570000-7f5411571000 ---p 00000000 00:00 0 
7f5411571000-7f5411671000 rw-p 00000000 00:00 0 
7f5411671000-7f5411672000 ---p 00000000 00:00 0 
7f5411672000-7f5411772000 rw-p 00000000 00:00 0 
7f5411772000-7f5411773000 ---p 00000000 00:00 0 
7f5411773000-7f5411873000 rw-p 00000000 00:00 0 
7f5411873000-7f5411874000 ---p 00000000 00:00 0 
7f5411874000-7f5411974000 rw-p 00000000 00:00 0 
7f5411974000-7f5411975000 ---p 00000000 00:00 0 
7f5411975000-7f5411a75000 rw-p 00000000 00:00 0 
7f5411a75000-7f5411a76000 ---p 00000000 00:00 0 
7f5411a76000-7f5411b76000 rw-p 00000000 00:00 0 
7f5411b76000-7f5411b77000 ---p 00000000 00:00 0 
7f5411b77000-7f5411c8b000 rw-p 00000000 00:00 0 
7f5411c8b000-7f5411dcd000 ---p 00000000 00:00 0 
7f5411dcd000-7f5411de1000 rw-p 00000000 00:00 0 
7f5411de1000-7f5411f22000 ---p 00000000 00:00 0 
7f5411f22000-7f5411f6e000 rw-p 00000000 00:00 0 
7f5411f6e000-7f5411fcd000 ---p 00000000 00:00 0 
7f5411fcd000-7f5411fed000 rw-p 00000000 00:00 0 
7f5411fed000-7f541238e000 ---p 00000000 00:00 0 
7f541238e000-7f54123a8000 r-xp 00000000 08:01 6239                       /usr/lib/jvm/java-8-oracle/jre/lib/amd64/libzip.so
7f54123a8000-7f54125a8000 ---p 0001a000 08:01 6239                       /usr/lib/jvm/java-8-oracle/jre/lib/amd64/libzip.so
7f54125a8000-7f54125a9000 rw-p 0001a000 08:01 6239                       /usr/lib/jvm/java-8-oracle/jre/lib/amd64/libzip.so
7f54125a9000-7f54125b4000 r-xp 00000000 08:01 5247692                    /lib/x86_64-linux-gnu/libnss_files-2.23.so
7f54125b4000-7f54127b3000 ---p 0000b000 08:01 5247692                    /lib/x86_64-linux-gnu/libnss_files-2.23.so
7f54127b3000-7f54127b4000 r--p 0000a000 08:01 5247692                    /lib/x86_64-linux-gnu/libnss_files-2.23.so
7f54127b4000-7f54127b5000 rw-p 0000b000 08:01 5247692                    /lib/x86_64-linux-gnu/libnss_files-2.23.so
7f54127b5000-7f54127bb000 rw-p 00000000 00:00 0 
7f54127bb000-7f54127c6000 r-xp 00000000 08:01 5247702                    /lib/x86_64-linux-gnu/libnss_nis-2.23.so
7f54127c6000-7f54129c5000 ---p 0000b000 08:01 5247702                    /lib/x86_64-linux-gnu/libnss_nis-2.23.so
7f54129c5000-7f54129c6000 r--p 0000a000 08:01 5247702                    /lib/x86_64-linux-gnu/libnss_nis-2.23.so
7f54129c6000-7f54129c7000 rw-p 0000b000 08:01 5247702                    /lib/x86_64-linux-gnu/libnss_nis-2.23.so
7f54129c7000-7f54129dd000 r-xp 00000000 08:01 5247686                    /lib/x86_64-linux-gnu/libnsl-2.23.so
7f54129dd000-7f5412bdc000 ---p 00016000 08:01 5247686                    /lib/x86_64-linux-gnu/libnsl-2.23.so
7f5412bdc000-7f5412bdd000 r--p 00015000 08:01 5247686                    /lib/x86_64-linux-gnu/libnsl-2.23.so
7f5412bdd000-7f5412bde000 rw-p 00016000 08:01 5247686                    /lib/x86_64-linux-gnu/libnsl-2.23.so
7f5412bde000-7f5412be0000 rw-p 00000000 00:00 0 
7f5412be0000-7f5412be8000 r-xp 00000000 08:01 5247688                    /lib/x86_64-linux-gnu/libnss_compat-2.23.so
7f5412be8000-7f5412de7000 ---p 00008000 08:01 5247688                    /lib/x86_64-linux-gnu/libnss_compat-2.23.so
7f5412de7000-7f5412de8000 r--p 00007000 08:01 5247688                    /lib/x86_64-linux-gnu/libnss_compat-2.23.so
7f5412de8000-7f5412de9000 rw-p 00008000 08:01 5247688                    /lib/x86_64-linux-gnu/libnss_compat-2.23.so
7f5412de9000-7f5412e13000 r-xp 00000000 08:01 6265                       /usr/lib/jvm/java-8-oracle/jre/lib/amd64/libjava.so
7f5412e13000-7f5413013000 ---p 0002a000 08:01 6265                       /usr/lib/jvm/java-8-oracle/jre/lib/amd64/libjava.so
7f5413013000-7f5413015000 rw-p 0002a000 08:01 6265                       /usr/lib/jvm/java-8-oracle/jre/lib/amd64/libjava.so
7f5413015000-7f5413022000 r-xp 00000000 08:01 6219                       /usr/lib/jvm/java-8-oracle/jre/lib/amd64/libverify.so
7f5413022000-7f5413222000 ---p 0000d000 08:01 6219                       /usr/lib/jvm/java-8-oracle/jre/lib/amd64/libverify.so
7f5413222000-7f5413224000 rw-p 0000d000 08:01 6219                       /usr/lib/jvm/java-8-oracle/jre/lib/amd64/libverify.so
7f5413224000-7f541322b000 r-xp 00000000 08:01 5247747                    /lib/x86_64-linux-gnu/librt-2.23.so
7f541322b000-7f541342a000 ---p 00007000 08:01 5247747                    /lib/x86_64-linux-gnu/librt-2.23.so
7f541342a000-7f541342b000 r--p 00006000 08:01 5247747                    /lib/x86_64-linux-gnu/librt-2.23.so
7f541342b000-7f541342c000 rw-p 00007000 08:01 5247747                    /lib/x86_64-linux-gnu/librt-2.23.so
7f541342c000-7f5413534000 r-xp 00000000 08:01 5247663                    /lib/x86_64-linux-gnu/libm-2.23.so
7f5413534000-7f5413733000 ---p 00108000 08:01 5247663                    /lib/x86_64-linux-gnu/libm-2.23.so
7f5413733000-7f5413734000 r--p 00107000 08:01 5247663                    /lib/x86_64-linux-gnu/libm-2.23.so
7f5413734000-7f5413735000 rw-p 00108000 08:01 5247663                    /lib/x86_64-linux-gnu/libm-2.23.so
7f5413735000-7f5414400000 r-xp 00000000 08:01 6269                       /usr/lib/jvm/java-8-oracle/jre/lib/amd64/server/libjvm.so
7f5414400000-7f54145ff000 ---p 00ccb000 08:01 6269                       /usr/lib/jvm/java-8-oracle/jre/lib/amd64/server/libjvm.so
7f54145ff000-7f54146d8000 rw-p 00cca000 08:01 6269                       /usr/lib/jvm/java-8-oracle/jre/lib/amd64/server/libjvm.so
7f54146d8000-7f5414723000 rw-p 00000000 00:00 0 
7f5414723000-7f54148e3000 r-xp 00000000 08:01 5247593                    /lib/x86_64-linux-gnu/libc-2.23.so
7f54148e3000-7f5414ae2000 ---p 001c0000 08:01 5247593                    /lib/x86_64-linux-gnu/libc-2.23.so
7f5414ae2000-7f5414ae6000 r--p 001bf000 08:01 5247593                    /lib/x86_64-linux-gnu/libc-2.23.so
7f5414ae6000-7f5414ae8000 rw-p 001c3000 08:01 5247593                    /lib/x86_64-linux-gnu/libc-2.23.so
7f5414ae8000-7f5414aec000 rw-p 00000000 00:00 0 
7f5414aec000-7f5414aef000 r-xp 00000000 08:01 5247617                    /lib/x86_64-linux-gnu/libdl-2.23.so
7f5414aef000-7f5414cee000 ---p 00003000 08:01 5247617                    /lib/x86_64-linux-gnu/libdl-2.23.so
7f5414cee000-7f5414cef000 r--p 00002000 08:01 5247617                    /lib/x86_64-linux-gnu/libdl-2.23.so
7f5414cef000-7f5414cf0000 rw-p 00003000 08:01 5247617                    /lib/x86_64-linux-gnu/libdl-2.23.so
7f5414cf0000-7f5414d05000 r-xp 00000000 08:01 6832302                    /usr/lib/jvm/java-8-oracle/lib/amd64/jli/libjli.so
7f5414d05000-7f5414f05000 ---p 00015000 08:01 6832302                    /usr/lib/jvm/java-8-oracle/lib/amd64/jli/libjli.so
7f5414f05000-7f5414f06000 rw-p 00015000 08:01 6832302                    /usr/lib/jvm/java-8-oracle/lib/amd64/jli/libjli.so
7f5414f06000-7f5414f1e000 r-xp 00000000 08:01 5247739                    /lib/x86_64-linux-gnu/libpthread-2.23.so
7f5414f1e000-7f541511d000 ---p 00018000 08:01 5247739                    /lib/x86_64-linux-gnu/libpthread-2.23.so
7f541511d000-7f541511e000 r--p 00017000 08:01 5247739                    /lib/x86_64-linux-gnu/libpthread-2.23.so
7f541511e000-7f541511f000 rw-p 00018000 08:01 5247739                    /lib/x86_64-linux-gnu/libpthread-2.23.so
7f541511f000-7f5415123000 rw-p 00000000 00:00 0 
7f5415123000-7f5415149000 r-xp 00000000 08:01 5247565                    /lib/x86_64-linux-gnu/ld-2.23.so
7f5415149000-7f541521b000 rw-p 00000000 00:00 0 
7f541521b000-7f541521e000 ---p 00000000 00:00 0 
7f541521e000-7f5415320000 rw-p 00000000 00:00 0 
7f5415321000-7f5415328000 r--s 00000000 08:01 2500                       /usr/lib/x86_64-linux-gnu/gconv/gconv-modules.cache
7f5415328000-7f541533c000 rw-p 00000000 00:00 0 
7f541533c000-7f5415344000 rw-s 00000000 08:01 6685464                    /tmp/hsperfdata_vojta/20279
7f5415344000-7f5415345000 rw-p 00000000 00:00 0 
7f5415345000-7f5415346000 ---p 00000000 00:00 0 
7f5415346000-7f5415348000 rw-p 00000000 00:00 0 
7f5415348000-7f5415349000 r--p 00025000 08:01 5247565                    /lib/x86_64-linux-gnu/ld-2.23.so
7f5415349000-7f541534a000 rw-p 00026000 08:01 5247565                    /lib/x86_64-linux-gnu/ld-2.23.so
7f541534a000-7f541534b000 rw-p 00000000 00:00 0 
7ffd97de8000-7ffd97e09000 rw-p 00000000 00:00 0                          [stack]
7ffd97e42000-7ffd97e44000 r--p 00000000 00:00 0                          [vvar]
7ffd97e44000-7ffd97e46000 r-xp 00000000 00:00 0                          [vdso]
ffffffffff600000-ffffffffff601000 r-xp 00000000 00:00 0                  [vsyscall]

VM Arguments:
jvm_args: -Djava.awt.headless=true -Xmx1024M -Dfile.encoding=UTF-8 -Duser.country=CZ -Duser.language=cs -Duser.variant 
java_command: com.android.dx.command.Main --dex --force-jumbo --num-threads=4 --multi-dex --output /home/vojta/Android/Projekty/APKMirror/app/build/intermediates/transforms/dex/debug/folders/1000/10/com.android.support-support-v4-23.4.0_8ab419afc51ef4754801679a635876c02e79addd /home/vojta/Android/Projekty/APKMirror/app/build/intermediates/exploded-aar/com.android.support/support-v4/23.4.0/jars/classes.jar
java_class_path (initial): /home/vojta/Android/Sdk/build-tools/24.0.1/lib/dx.jar
Launcher Type: SUN_STANDARD

Environment Variables:
PATH=/usr/local/sbin:/usr/local/bin:/usr/sbin:/usr/bin:/sbin:/bin:/usr/games:/usr/local/games:/snap/bin
LD_LIBRARY_PATH=/home/vojta/Aplikace/android-studio/bin:
SHELL=/bin/bash
DISPLAY=:0

Signal Handlers:
SIGSEGV: [libjvm.so+0xac4790], sa_mask[0]=11111111011111111101111111111110, sa_flags=SA_RESTART|SA_SIGINFO
SIGBUS: [libjvm.so+0xac4790], sa_mask[0]=11111111011111111101111111111110, sa_flags=SA_RESTART|SA_SIGINFO
SIGFPE: [libjvm.so+0x91f140], sa_mask[0]=11111111011111111101111111111110, sa_flags=SA_RESTART|SA_SIGINFO
SIGPIPE: [libjvm.so+0x91f140], sa_mask[0]=11111111011111111101111111111110, sa_flags=SA_RESTART|SA_SIGINFO
SIGXFSZ: [libjvm.so+0x91f140], sa_mask[0]=11111111011111111101111111111110, sa_flags=SA_RESTART|SA_SIGINFO
SIGILL: [libjvm.so+0x91f140], sa_mask[0]=11111111011111111101111111111110, sa_flags=SA_RESTART|SA_SIGINFO
SIGUSR1: SIG_DFL, sa_mask[0]=00000000000000000000000000000000, sa_flags=none
SIGUSR2: [libjvm.so+0x920770], sa_mask[0]=00100000000000000000000000000000, sa_flags=SA_RESTART|SA_SIGINFO
SIGHUP: [libjvm.so+0x921b70], sa_mask[0]=11111111011111111101111111111110, sa_flags=SA_RESTART|SA_SIGINFO
SIGINT: [libjvm.so+0x921b70], sa_mask[0]=11111111011111111101111111111110, sa_flags=SA_RESTART|SA_SIGINFO
SIGTERM: [libjvm.so+0x921b70], sa_mask[0]=11111111011111111101111111111110, sa_flags=SA_RESTART|SA_SIGINFO
SIGQUIT: [libjvm.so+0x921b70], sa_mask[0]=11111111011111111101111111111110, sa_flags=SA_RESTART|SA_SIGINFO


---------------  S Y S T E M  ---------------

OS:DISTRIB_ID=Ubuntu
DISTRIB_RELEASE=16.04
DISTRIB_CODENAME=xenial
DISTRIB_DESCRIPTION="Ubuntu 16.04.1 LTS"

uname:Linux 4.4.0-36-generic #55-Ubuntu SMP Thu Aug 11 18:01:55 UTC 2016 x86_64
libc:glibc 2.23 NPTL 2.23 
rlimit: STACK 8192k, CORE 0k, NPROC 14415, NOFILE 65536, AS infinity
load average:5,55 2,54 1,59

/proc/meminfo:
MemTotal:        3730064 kB
MemFree:          100056 kB
MemAvailable:      37240 kB
Buffers:            2384 kB
Cached:           306352 kB
SwapCached:        23504 kB
Active:          2601856 kB
Inactive:         808008 kB
Active(anon):    2571740 kB
Inactive(anon):   777404 kB
Active(file):      30116 kB
Inactive(file):    30604 kB
Unevictable:         156 kB
Mlocked:             156 kB
SwapTotal:       3871740 kB
SwapFree:              4 kB
Dirty:              1328 kB
Writeback:             0 kB
AnonPages:       3078300 kB
Mapped:           117240 kB
Shmem:            247944 kB
Slab:              98800 kB
SReclaimable:      48468 kB
SUnreclaim:        50332 kB
KernelStack:       17072 kB
PageTables:        55356 kB
NFS_Unstable:          0 kB
Bounce:                0 kB
WritebackTmp:          0 kB
CommitLimit:     5736772 kB
Committed_AS:   13469196 kB
VmallocTotal:   34359738367 kB
VmallocUsed:           0 kB
VmallocChunk:          0 kB
HardwareCorrupted:     0 kB
AnonHugePages:    729088 kB
CmaTotal:              0 kB
CmaFree:               0 kB
HugePages_Total:       0
HugePages_Free:        0
HugePages_Rsvd:        0
HugePages_Surp:        0
Hugepagesize:       2048 kB
DirectMap4k:      181812 kB
DirectMap2M:     3692544 kB


CPU:total 8 (4 cores per cpu, 2 threads per core) family 6 model 58 stepping 9, cmov, cx8, fxsr, mmx, sse, sse2, sse3, ssse3, sse4.1, sse4.2, popcnt, avx, aes, clmul, erms, ht, tsc, tscinvbit, tscinv

/proc/cpuinfo:
processor	: 0
vendor_id	: GenuineIntel
cpu family	: 6
model		: 58
model name	: Intel(R) Core(TM) i7-3770 CPU @ 3.40GHz
stepping	: 9
microcode	: 0x1c
cpu MHz		: 3699.890
cache size	: 8192 KB
physical id	: 0
siblings	: 8
core id		: 0
cpu cores	: 4
apicid		: 0
initial apicid	: 0
fpu		: yes
fpu_exception	: yes
cpuid level	: 13
wp		: yes
flags		: fpu vme de pse tsc msr pae mce cx8 apic sep mtrr pge mca cmov pat pse36 clflush dts acpi mmx fxsr sse sse2 ss ht tm pbe syscall nx rdtscp lm constant_tsc arch_perfmon pebs bts rep_good nopl xtopology nonstop_tsc aperfmperf eagerfpu pni pclmulqdq dtes64 monitor ds_cpl vmx smx est tm2 ssse3 cx16 xtpr pdcm pcid sse4_1 sse4_2 x2apic popcnt tsc_deadline_timer aes xsave avx f16c rdrand lahf_lm epb tpr_shadow vnmi flexpriority ept vpid fsgsbase smep erms xsaveopt dtherm ida arat pln pts
bugs		:
bogomips	: 6784.38
clflush size	: 64
cache_alignment	: 64
address sizes	: 36 bits physical, 48 bits virtual
power management:

processor	: 1
vendor_id	: GenuineIntel
cpu family	: 6
model		: 58
model name	: Intel(R) Core(TM) i7-3770 CPU @ 3.40GHz
stepping	: 9
microcode	: 0x1c
cpu MHz		: 3699.890
cache size	: 8192 KB
physical id	: 0
siblings	: 8
core id		: 1
cpu cores	: 4
apicid		: 2
initial apicid	: 2
fpu		: yes
fpu_exception	: yes
cpuid level	: 13
wp		: yes
flags		: fpu vme de pse tsc msr pae mce cx8 apic sep mtrr pge mca cmov pat pse36 clflush dts acpi mmx fxsr sse sse2 ss ht tm pbe syscall nx rdtscp lm constant_tsc arch_perfmon pebs bts rep_good nopl xtopology nonstop_tsc aperfmperf eagerfpu pni pclmulqdq dtes64 monitor ds_cpl vmx smx est tm2 ssse3 cx16 xtpr pdcm pcid sse4_1 sse4_2 x2apic popcnt tsc_deadline_timer aes xsave avx f16c rdrand lahf_lm epb tpr_shadow vnmi flexpriority ept vpid fsgsbase smep erms xsaveopt dtherm ida arat pln pts
bugs		:
bogomips	: 6784.38
clflush size	: 64
cache_alignment	: 64
address sizes	: 36 bits physical, 48 bits virtual
power management:

processor	: 2
vendor_id	: GenuineIntel
cpu family	: 6
model		: 58
model name	: Intel(R) Core(TM) i7-3770 CPU @ 3.40GHz
stepping	: 9
microcode	: 0x1c
cpu MHz		: 3699.890
cache size	: 8192 KB
physical id	: 0
siblings	: 8
core id		: 2
cpu cores	: 4
apicid		: 4
initial apicid	: 4
fpu		: yes
fpu_exception	: yes
cpuid level	: 13
wp		: yes
flags		: fpu vme de pse tsc msr pae mce cx8 apic sep mtrr pge mca cmov pat pse36 clflush dts acpi mmx fxsr sse sse2 ss ht tm pbe syscall nx rdtscp lm constant_tsc arch_perfmon pebs bts rep_good nopl xtopology nonstop_tsc aperfmperf eagerfpu pni pclmulqdq dtes64 monitor ds_cpl vmx smx est tm2 ssse3 cx16 xtpr pdcm pcid sse4_1 sse4_2 x2apic popcnt tsc_deadline_timer aes xsave avx f16c rdrand lahf_lm epb tpr_shadow vnmi flexpriority ept vpid fsgsbase smep erms xsaveopt dtherm ida arat pln pts
bugs		:
bogomips	: 6784.38
clflush size	: 64
cache_alignment	: 64
address sizes	: 36 bits physical, 48 bits virtual
power management:

processor	: 3
vendor_id	: GenuineIntel
cpu family	: 6
model		: 58
model name	: Intel(R) Core(TM) i7-3770 CPU @ 3.40GHz
stepping	: 9
microcode	: 0x1c
cpu MHz		: 3699.890
cache size	: 8192 KB
physical id	: 0
siblings	: 8
core id		: 3
cpu cores	: 4
apicid		: 6
initial apicid	: 6
fpu		: yes
fpu_exception	: yes
cpuid level	: 13
wp		: yes
flags		: fpu vme de pse tsc msr pae mce cx8 apic sep mtrr pge mca cmov pat pse36 clflush dts acpi mmx fxsr sse sse2 ss ht tm pbe syscall nx rdtscp lm constant_tsc arch_perfmon pebs bts rep_good nopl xtopology nonstop_tsc aperfmperf eagerfpu pni pclmulqdq dtes64 monitor ds_cpl vmx smx est tm2 ssse3 cx16 xtpr pdcm pcid sse4_1 sse4_2 x2apic popcnt tsc_deadline_timer aes xsave avx f16c rdrand lahf_lm epb tpr_shadow vnmi flexpriority ept vpid fsgsbase smep erms xsaveopt dtherm ida arat pln pts
bugs		:
bogomips	: 6784.38
clflush size	: 64
cache_alignment	: 64
address sizes	: 36 bits physical, 48 bits virtual
power management:

processor	: 4
vendor_id	: GenuineIntel
cpu family	: 6
model		: 58
model name	: Intel(R) Core(TM) i7-3770 CPU @ 3.40GHz
stepping	: 9
microcode	: 0x1c
cpu MHz		: 3699.890
cache size	: 8192 KB
physical id	: 0
siblings	: 8
core id		: 0
cpu cores	: 4
apicid		: 1
initial apicid	: 1
fpu		: yes
fpu_exception	: yes
cpuid level	: 13
wp		: yes
flags		: fpu vme de pse tsc msr pae mce cx8 apic sep mtrr pge mca cmov pat pse36 clflush dts acpi mmx fxsr sse sse2 ss ht tm pbe syscall nx rdtscp lm constant_tsc arch_perfmon pebs bts rep_good nopl xtopology nonstop_tsc aperfmperf eagerfpu pni pclmulqdq dtes64 monitor ds_cpl vmx smx est tm2 ssse3 cx16 xtpr pdcm pcid sse4_1 sse4_2 x2apic popcnt tsc_deadline_timer aes xsave avx f16c rdrand lahf_lm epb tpr_shadow vnmi flexpriority ept vpid fsgsbase smep erms xsaveopt dtherm ida arat pln pts
bugs		:
bogomips	: 6784.38
clflush size	: 64
cache_alignment	: 64
address sizes	: 36 bits physical, 48 bits virtual
power management:

processor	: 5
vendor_id	: GenuineIntel
cpu family	: 6
model		: 58
model name	: Intel(R) Core(TM) i7-3770 CPU @ 3.40GHz
stepping	: 9
microcode	: 0x1c
cpu MHz		: 3699.890
cache size	: 8192 KB
physical id	: 0
siblings	: 8
core id		: 1
cpu cores	: 4
apicid		: 3
initial apicid	: 3
fpu		: yes
fpu_exception	: yes
cpuid level	: 13
wp		: yes
flags		: fpu vme de pse tsc msr pae mce cx8 apic sep mtrr pge mca cmov pat pse36 clflush dts acpi mmx fxsr sse sse2 ss ht tm pbe syscall nx rdtscp lm constant_tsc arch_perfmon pebs bts rep_good nopl xtopology nonstop_tsc aperfmperf eagerfpu pni pclmulqdq dtes64 monitor ds_cpl vmx smx est tm2 ssse3 cx16 xtpr pdcm pcid sse4_1 sse4_2 x2apic popcnt tsc_deadline_timer aes xsave avx f16c rdrand lahf_lm epb tpr_shadow vnmi flexpriority ept vpid fsgsbase smep erms xsaveopt dtherm ida arat pln pts
bugs		:
bogomips	: 6784.38
clflush size	: 64
cache_alignment	: 64
address sizes	: 36 bits physical, 48 bits virtual
power management:

processor	: 6
vendor_id	: GenuineIntel
cpu family	: 6
model		: 58
model name	: Intel(R) Core(TM) i7-3770 CPU @ 3.40GHz
stepping	: 9
microcode	: 0x1c
cpu MHz		: 3699.890
cache size	: 8192 KB
physical id	: 0
siblings	: 8
core id		: 2
cpu cores	: 4
apicid		: 5
initial apicid	: 5
fpu		: yes
fpu_exception	: yes
cpuid level	: 13
wp		: yes
flags		: fpu vme de pse tsc msr pae mce cx8 apic sep mtrr pge mca cmov pat pse36 clflush dts acpi mmx fxsr sse sse2 ss ht tm pbe syscall nx rdtscp lm constant_tsc arch_perfmon pebs bts rep_good nopl xtopology nonstop_tsc aperfmperf eagerfpu pni pclmulqdq dtes64 monitor ds_cpl vmx smx est tm2 ssse3 cx16 xtpr pdcm pcid sse4_1 sse4_2 x2apic popcnt tsc_deadline_timer aes xsave avx f16c rdrand lahf_lm epb tpr_shadow vnmi flexpriority ept vpid fsgsbase smep erms xsaveopt dtherm ida arat pln pts
bugs		:
bogomips	: 6784.38
clflush size	: 64
cache_alignment	: 64
address sizes	: 36 bits physical, 48 bits virtual
power management:

processor	: 7
vendor_id	: GenuineIntel
cpu family	: 6
model		: 58
model name	: Intel(R) Core(TM) i7-3770 CPU @ 3.40GHz
stepping	: 9
microcode	: 0x1c
cpu MHz		: 3699.890
cache size	: 8192 KB
physical id	: 0
siblings	: 8
core id		: 3
cpu cores	: 4
apicid		: 7
initial apicid	: 7
fpu		: yes
fpu_exception	: yes
cpuid level	: 13
wp		: yes
flags		: fpu vme de pse tsc msr pae mce cx8 apic sep mtrr pge mca cmov pat pse36 clflush dts acpi mmx fxsr sse sse2 ss ht tm pbe syscall nx rdtscp lm constant_tsc arch_perfmon pebs bts rep_good nopl xtopology nonstop_tsc aperfmperf eagerfpu pni pclmulqdq dtes64 monitor ds_cpl vmx smx est tm2 ssse3 cx16 xtpr pdcm pcid sse4_1 sse4_2 x2apic popcnt tsc_deadline_timer aes xsave avx f16c rdrand lahf_lm epb tpr_shadow vnmi flexpriority ept vpid fsgsbase smep erms xsaveopt dtherm ida arat pln pts
bugs		:
bogomips	: 6784.38
clflush size	: 64
cache_alignment	: 64
address sizes	: 36 bits physical, 48 bits virtual
power management:



Memory: 4k page, physical 3730064k(99808k free), swap 3871740k(4k free)

vm_info: Java HotSpot(TM) 64-Bit Server VM (25.101-b13) for linux-amd64 JRE (1.8.0_101-b13), built on Jun 22 2016 02:59:44 by "java_re" with gcc 4.3.0 20080428 (Red Hat 4.3.0-8)

time: Tue Sep 20 21:44:36 2016
elapsed time: 4 seconds (0d 0h 0m 4s)

